Started by user Rajesh
Running in Durability level: MAX_SURVIVABILITY
[Pipeline] Start of Pipeline
[Pipeline] node
Running on Jenkins in C:\Users\Admin\.jenkins\workspace\Project-Manager
[Pipeline] {
[Pipeline] stage
[Pipeline] { (GIT checkout)
[Pipeline] git
No credentials specified
 > git.exe rev-parse --is-inside-work-tree # timeout=10
Fetching changes from the remote Git repository
 > git.exe config remote.origin.url https://github.com/Rajeshnani09c41a0590/Final.git # timeout=10
Fetching upstream changes from https://github.com/Rajeshnani09c41a0590/Final.git
 > git.exe --version # timeout=10
 > git.exe fetch --tags --progress https://github.com/Rajeshnani09c41a0590/Final.git +refs/heads/*:refs/remotes/origin/*
 > git.exe rev-parse "refs/remotes/origin/master^{commit}" # timeout=10
 > git.exe rev-parse "refs/remotes/origin/origin/master^{commit}" # timeout=3D10
Checking out Revision 066850c8760ca2820ada6b2ffbfb0adf605054bc (refs/remote=/origin/master)
 > git.exe config core.sparsecheckout # timeout=10
 > git.exe checkout -f 066850c8760ca2820ada6b2ffbfb0adf605054bc
 > git.exe branch -a -v --no-abbrev # timeout=10
 > git.exe branch -D master # timeout=10
 > git.exe checkout -b master 066850c8760ca2820ada6b2ffbfb0adf605054bc
Commit message: "Adding build summary for test configuration"
 > git.exe rev-list --no-walk 9758e1e45e47f5036a04e3957ac6b42f6165887f # ti=eout=10
[Pipeline] }
[Pipeline] // stage
[Pipeline] stage
[Pipeline] { (Build )
[Pipeline] bat

C:\Users\Admin\.jenkins\workspace\Project-Manager>mvn clean install -f back=nd 
[INFO] Scanning for projects...
[INFO] 
[INFO] --------------------------------------------------------------------=---
[INFO] Building backend 0.0.1-SNAPSHOT
[INFO] --------------------------------------------------------------------=---
[INFO] 
[INFO] --- maven-clean-plugin:3.1.0:clean (default-clean) @ backend ---
[INFO] Deleting C:\Users\Admin\.jenkins\workspace\Project-Manager\backend\t=rget
[INFO] 
[INFO] --- jacjacoco-maven-plugin:0.7.6.201602180812:prepare-agent (jacjacoco-ini=ialize) @ backend ---
[INFO] argLine set to -javaagent:C:\\Users\\Admin\\.m2\\repository\\org\\jacoco\\org.jacjacoco.agent\\0.7.6.201602180812\\org.jacjacoco.agent-0.7.6.20160218=812-runtime.jar=destfile=C:\\Users\\Admin\\.jenkins\\workspace\\Projec=-Manager\\backend\\target\\jacjacoco.exec
[INFO] 
[INFO] --- maven-resources-plugin:3.1.0:resources (default-resources) @ bac=end ---
[INFO] Using 'UTF-8' encoding to copy filtered resources.
[INFO] Copying 1 resource
[INFO] Copying 0 resource
[INFO] 
[INFO] --- maven-compiler-plugin:3.8.0:compile (default-compile) @ backend =--
[INFO] Changes detected - recompiling the module!
[INFO] Compiling 17 source files to C:\Users\Admin\.jenkins\workspace\Proje=t-Manager\backend\target\classes
[INFO] /C:/Users/Admin/.jenkins/workspace/Project-Manager/backend/src/main/=ava/com/fsd/backend/Entity/Project.java: Some input files use unchecked or=unsafe operations.
[INFO] /C:/Users/Admin/.jenkins/workspace/Project-Manager/backend/src/main/=ava/com/fsd/backend/Entity/Project.java: Recompile with -Xlint:unchecked f=r details.
[INFO] 
[INFO] --- maven-resources-plugin:3.1.0:testResources (default-testResource=) @ backend ---
[INFO] Using 'UTF-8' encoding to copy filtered resources.
[INFO] Copying 1 resource
[INFO] 
[INFO] --- maven-compiler-plugin:3.8.0:testCompile (default-testCompile) @ =ackend ---
[INFO] Changes detected - recompiling the module!
[INFO] Compiling 12 source files to C:\Users\Admin\.jenkins\workspace\Proje=t-Manager\backend\target\test-classes
[INFO] /C:/Users/Admin/.jenkins/workspace/Project-Manager/backend/src/test/=ava/com/fsd/backend/Controller/ParentControllerTest.java: Some input files=use unchecked or unsafe operations.
[INFO] /C:/Users/Admin/.jenkins/workspace/Project-Manager/backend/src/test/=ava/com/fsd/backend/Controller/ParentControllerTest.java: Recompile with -=lint:unchecked for details.
[INFO] 
[INFO] --- maven-surefire-plugin:2.22.1:test (default-test) @ backend ---
[INFO] 
[INFO] -------------------------------------------------------
[INFO]  T E S T S
[INFO] -------------------------------------------------------
[INFO] Running com.fsd.backend.BackendTest

  .   ____          _            __ _ _
 /\\ / ___'_ __ _ _(_)_ __  __ _ \ \ \ \
( ( )\___ | '_ | '_| | '_ \/ _` | \ \ \ \
 \\/  ___)| |_)| | | | | || (_| |  ) ) ) )
  '  |____| .__|_| |_|_| |_\__, | / / / /
 =========|_|==============|_=_/=/_/_/_/
 :: Spring Boot ::        (v2.1.4.RELEASE)

2019-12-19 18:11:27.390  INFO 351068 --- [           main] com.fsd.backend.=ackendApplication       : Starting BackendApplication on Javafs with PID 3=1068 (started by Admin in C:\Users\Admin\.jenkins\workspace\Project-Manage=\backend)
2019-12-19 18:11:27.401  INFO 351068 --- [           main] com.fsd.backend.=ackendApplication       : No active profile set, falling back to default p=ofiles: default
2019-12-19 18:11:30.466  INFO 351068 --- [           main] .s.d.r.c.Reposit=ryConfigurationDelegate : Bootstrapping Spring Data repositories in DEFAUL= mode.
2019-12-19 18:11:30.692  INFO 351068 --- [           main] .s.d.r.c.Reposit=ryConfigurationDelegate : Finished Spring Data repository scanning in 196m=. Found 4 repository interfaces.
2019-12-19 18:11:32.733  INFO 351068 --- [           main] trationDelegate$=eanPostProcessorChecker : Bean 'org.springframework.transaction.annotation=ProxyTransactionManagementConfiguration' of type [org.springframework.tran=action.annotation.ProxyTransactionManagementConfiguration$$EnhancerBySprin=CGLIB$$6edee4d5] is not eligible for getting processed by all BeanPostProc=ssors (for example: not eligible for auto-proxying)
2019-12-19 18:11:34.530  INFO 351068 --- [           main] o.s.b.w.embedded=tomcat.TomcatWebServer  : Tomcat initialized with port(s): 8080 (http)
2019-12-19 18:11:34.656  INFO 351068 --- [           main] o.apache.catalin=.core.StandardService   : Starting service [Tomcat]
2019-12-19 18:11:34.658  INFO 351068 --- [           main] org.apache.catal=na.core.StandardEngine  : Starting Servlet engine: [Apache Tomcat/9.0.17]
2019-12-19 18:11:35.495  INFO 351068 --- [           main] org.apache.jaspe=.servlet.TldScanner     : At least one JAR was scanned for TLDs yet contai=ed no TLDs. Enable debug logging for this logger for a complete list of JA=s that were scanned but no TLDs were found in them. Skipping unneeded JARs=during scanning can improve startup time and JSP compilation time.
2019-12-19 18:11:35.506  INFO 351068 --- [           main] o.a.c.c.C.[Tomca=].[localhost].[/]       : Initializing Spring embedded WebApplicationConte=t
2019-12-19 18:11:35.508  INFO 351068 --- [           main] o.s.web.context.=ontextLoader            : Root WebApplicationContext: initialization compl=ted in 7963 ms
2019-12-19 18:11:36.194  INFO 351068 --- [           main] com.zaxxer.hikar=.HikariDataSource       : HikariPool-1 - Starting...
2019-12-19 18:11:36.898  INFO 351068 --- [           main] com.zaxxer.hikar=.HikariDataSource       : HikariPool-1 - Start completed.
2019-12-19 18:11:37.121  INFO 351068 --- [           main] o.hibernate.jpa.=nternal.util.LogHelper  : HHH000204: Processing PersistenceUnitInfo [
	name: default
	...]
2019-12-19 18:11:37.427  INFO 351068 --- [           main] org.hibernate.Ve=sion                    : HHH000412: Hibernate Core {5.3.9.Final}
2019-12-19 18:11:37.430  INFO 351068 --- [           main] org.hibernate.cf=.Environment            : HHH000206: hibernate.properties not found
2019-12-19 18:11:38.007  INFO 351068 --- [           main] o.hibernate.anno=ations.common.Version   : HCANN000001: Hibernate Commons Annotations {5.0.=.Final}
2019-12-19 18:11:38.663  INFO 351068 --- [           main] org.hibernate.di=lect.Dialect            : HHH000400: Using dialect: org.hibernate.dialect.=2Dialect
2019-12-19 18:11:41.987  INFO 351068 --- [           main] o.h.t.schema.int=rnal.SchemaCreatorImpl  : HHH000476: Executing import script 'org.hibernat=.tool.schema.internal.exec.ScriptSourceInputNonExistentImpl@1b32ac30'
2019-12-19 18:11:41.994  INFO 351068 --- [           main] j.LocalContainer=ntityManagerFactoryBean : Initialized JPA EntityManagerFactory for persist=nce unit 'default'
2019-12-19 18:11:44.106  INFO 351068 --- [           main] o.s.s.concurrent=ThreadPoolTaskExecutor  : Initializing ExecutorService 'applicationTaskExe=utor'
2019-12-19 18:11:44.232  WARN 351068 --- [           main] aWebConfiguratio=$JpaWebMvcConfiguration : spring.jpa.open-in-view is enabled by default. T=erefore, database queries may be performed during view rendering. Explicit=y configure spring.jpa.open-in-view to disable this warning
2019-12-19 18:11:44.781  INFO 351068 --- [           main] o.s.b.w.embedded=tomcat.TomcatWebServer  : Tomcat started on port(s): 8080 (http) with cont=xt path ''
2019-12-19 18:11:44.885  INFO 351068 --- [           main] com.fsd.backend.=ackendApplication       : Started BackendApplication in 21.102 seconds (JV= running for 23.641)
[INFO] Tests run: 1, Failures: 0, Errors: 0, Skipped: 0, Time elapsed: 21.7=4 s - in com.fsd.backend.BackendTest
[INFO] Running com.fsd.backend.Controller.ParentControllerTest
2019-12-19 18:11:45.046  INFO 351068 --- [           main] .b.t.a.w.s.WebMv=TestContextBootstrapper : Neither @ContextConfiguration nor @ContextHierar=hy found for test class [com.fsd.backend.Controller.ParentControllerTest],=using SpringBootContextLoader
2019-12-19 18:11:45.048  INFO 351068 --- [           main] o.s.t.c.support.=bstractContextLoader    : Could not detect default resource locations for =est class [com.fsd.backend.Controller.ParentControllerTest]: no resource f=und for suffixes {-context.xml, Context.groovy}.
2019-12-19 18:11:45.051  INFO 351068 --- [           main] t.c.s.Annotation=onfigContextLoaderUtils : Could not detect default configuration classes f=r test class [com.fsd.backend.Controller.ParentControllerTest]: ParentCont=ollerTest does not declare any static, non-private, non-final, nested clas=es annotated with @Configuration.
2019-12-19 18:11:45.176  INFO 351068 --- [           main] .b.t.c.SpringBoo=TestContextBootstrapper : Found @SpringBootConfiguration com.fsd.backend.B=ckendApplication for test class com.fsd.backend.Controller.ParentControlle=Test
2019-12-19 18:11:45.182  INFO 351068 --- [           main] .b.t.a.w.s.WebMv=TestContextBootstrapper : Loaded default TestExecutionListener class names=from location [META-INF/spring.factories]: [org.springframework.boot.test.=ock.mockito.MockitoTestExecutionListener, org.springframework.boot.test.mo=k.mockito.ResetMocksTestExecutionListener, org.springframework.boot.test.a=tjacoconfigure.restdocs.RestDocsTestExecutionListener, org.springframework.bo=t.test.autjacoconfigure.web.client.MockRestServiceServerResetTestExecutionLis=ener, org.springframework.boot.test.autjacoconfigure.web.servlet.MockMvcPrint=nlyOnFailureTestExecutionListener, org.springframework.boot.test.autjacoconfi=ure.web.servlet.WebDriverTestExecutionListener, org.springframework.test.c=ntext.web.ServletTestExecutionListener, org.springframework.test.context.s=pport.DirtiesContextBeforeModesTestExecutionListener, org.springframework.=est.context.support.DependencyInjectionTestExecutionListener, org.springfr=mework.test.context.support.DirtiesContextTestExecutionListener, org.sprin=framework.test.context.transaction.TransactionalTestExecutionListener, org=springframework.test.context.jdbc.SqlScriptsTestExecutionListener]
2019-12-19 18:11:45.212  INFO 351068 --- [           main] .b.t.a.w.s.WebMv=TestContextBootstrapper : Using TestExecutionListeners: [org.springframewo=k.test.context.web.ServletTestExecutionListener@67459981, org.springframew=rk.test.context.support.DirtiesContextBeforeModesTestExecutionListener@40e=02ff, org.springframework.boot.test.mock.mockito.MockitoTestExecutionListe=er@868575e, org.springframework.boot.test.autjacoconfigure.SpringBootDependen=yInjectionTestExecutionListener@31e47572, org.springframework.test.context=support.DirtiesContextTestExecutionListener@7a266b5e, org.springframework.=est.context.transaction.TransactionalTestExecutionListener@4a6f671f, org.s=ringframework.test.context.jdbc.SqlScriptsTestExecutionListener@770bab, or=.springframework.boot.test.mock.mockito.ResetMocksTestExecutionListener@12=aa132, org.springframework.boot.test.autjacoconfigure.restdocs.RestDocsTestEx=cutionListener@5b1f44b2, org.springframework.boot.test.autjacoconfigure.web.c=ient.MockRestServiceServerResetTestExecutionListener@6af98751, org.springf=amework.boot.test.autjacoconfigure.web.servlet.MockMvcPrintOnlyOnFailureTestE=ecutionListener@526be3f6, org.springframework.boot.test.autjacoconfigure.web.=ervlet.WebDriverTestExecutionListener@150ffbb8]

  .   ____          _            __ _ _
 /\\ / ___'_ __ _ _(_)_ __  __ _ \ \ \ \
( ( )\___ | '_ | '_| | '_ \/ _` | \ \ \ \
 \\/  ___)| |_)| | | | | || (_| |  ) ) ) )
  '  |____| .__|_| |_|_| |_\__, | / / / /
 =========|_|==============|_=_/=/_/_/_/
 :: Spring Boot ::        (v2.1.4.RELEASE)

2019-12-19 18:11:45.430  INFO 351068 --- [           main] c.f.b.Controller=ParentControllerTest    : Starting ParentControllerTest on Javafs with PID=351068 (started by Admin in C:\Users\Admin\.jenkins\workspace\Project-Mana=er\backend)
2019-12-19 18:11:45.432  INFO 351068 --- [           main] c.f.b.Controller=ParentControllerTest    : No active profile set, falling back to default p=ofiles: default
2019-12-19 18:11:46.838  INFO 351068 --- [           main] o.s.s.concurrent=ThreadPoolTaskExecutor  : Initializing ExecutorService 'applicationTaskExe=utor'
2019-12-19 18:11:47.189  INFO 351068 --- [           main] o.s.b.t.m.w.Spri=gBootMockServletContext : Initializing Spring TestDispatcherServlet ''
2019-12-19 18:11:47.189  INFO 351068 --- [           main] o.s.t.web.servle=.TestDispatcherServlet  : Initializing Servlet ''
2019-12-19 18:11:47.227  INFO 351068 --- [           main] o.s.t.web.servle=.TestDispatcherServlet  : Completed initialization in 36 ms
2019-12-19 18:11:47.291  INFO 351068 --- [           main] c.f.b.Controller=ParentControllerTest    : Started ParentControllerTest in 2.033 seconds (J=M running for 26.047)
[INFO] Tests run: 2, Failures: 0, Errors: 0, Skipped: 0, Time elapsed: 2.83= s - in com.fsd.backend.Controller.ParentControllerTest
[INFO] Running com.fsd.backend.Controller.ProjectControllerTest
2019-12-19 18:11:47.820  INFO 351068 --- [           main] .b.t.a.w.s.WebMv=TestContextBootstrapper : Neither @ContextConfiguration nor @ContextHierar=hy found for test class [com.fsd.backend.Controller.ProjectControllerTest]= using SpringBootContextLoader
2019-12-19 18:11:47.821  INFO 351068 --- [           main] o.s.t.c.support.=bstractContextLoader    : Could not detect default resource locations for =est class [com.fsd.backend.Controller.ProjectControllerTest]: no resource =ound for suffixes {-context.xml, Context.groovy}.
2019-12-19 18:11:47.822  INFO 351068 --- [           main] t.c.s.Annotation=onfigContextLoaderUtils : Could not detect default configuration classes f=r test class [com.fsd.backend.Controller.ProjectControllerTest]: ProjectCo=trollerTest does not declare any static, non-private, non-final, nested cl=sses annotated with @Configuration.
2019-12-19 18:11:47.833  INFO 351068 --- [           main] .b.t.c.SpringBoo=TestContextBootstrapper : Found @SpringBootConfiguration com.fsd.backend.B=ckendApplication for test class com.fsd.backend.Controller.ProjectControll=rTest
2019-12-19 18:11:47.837  INFO 351068 --- [           main] .b.t.a.w.s.WebMv=TestContextBootstrapper : Loaded default TestExecutionListener class names=from location [META-INF/spring.factories]: [org.springframework.boot.test.=ock.mockito.MockitoTestExecutionListener, org.springframework.boot.test.mo=k.mockito.ResetMocksTestExecutionListener, org.springframework.boot.test.a=tjacoconfigure.restdocs.RestDocsTestExecutionListener, org.springframework.bo=t.test.autjacoconfigure.web.client.MockRestServiceServerResetTestExecutionLis=ener, org.springframework.boot.test.autjacoconfigure.web.servlet.MockMvcPrint=nlyOnFailureTestExecutionListener, org.springframework.boot.test.autjacoconfi=ure.web.servlet.WebDriverTestExecutionListener, org.springframework.test.c=ntext.web.ServletTestExecutionListener, org.springframework.test.context.s=pport.DirtiesContextBeforeModesTestExecutionListener, org.springframework.=est.context.support.DependencyInjectionTestExecutionListener, org.springfr=mework.test.context.support.DirtiesContextTestExecutionListener, org.sprin=framework.test.context.transaction.TransactionalTestExecutionListener, org=springframework.test.context.jdbc.SqlScriptsTestExecutionListener]
2019-12-19 18:11:47.838  INFO 351068 --- [           main] .b.t.a.w.s.WebMv=TestContextBootstrapper : Using TestExecutionListeners: [org.springframewo=k.test.context.web.ServletTestExecutionListener@4a6bfb5b, org.springframew=rk.test.context.support.DirtiesContextBeforeModesTestExecutionListener@2a9=48a6, org.springframework.boot.test.mock.mockito.MockitoTestExecutionListe=er@3b78842b, org.springframework.boot.test.autjacoconfigure.SpringBootDepende=cyInjectionTestExecutionListener@636f442f, org.springframework.test.contex=.support.DirtiesContextTestExecutionListener@76cbca3a, org.springframework=test.context.transaction.TransactionalTestExecutionListener@4ea47b3d, org.=pringframework.test.context.jdbc.SqlScriptsTestExecutionListener@3102f71e,=org.springframework.boot.test.mock.mockito.ResetMocksTestExecutionListener=28d5932d, org.springframework.boot.test.autjacoconfigure.restdocs.RestDocsTes=ExecutionListener@e71617, org.springframework.boot.test.autjacoconfigure.web.=lient.MockRestServiceServerResetTestExecutionListener@6df7e8a5, org.spring=ramework.boot.test.autjacoconfigure.web.servlet.MockMvcPrintOnlyOnFailureTest=xecutionListener@4beb4802, org.springframework.boot.test.autjacoconfigure.web=servlet.WebDriverTestExecutionListener@4f23f6a9]

  .   ____          _            __ _ _
 /\\ / ___'_ __ _ _(_)_ __  __ _ \ \ \ \
( ( )\___ | '_ | '_| | '_ \/ _` | \ \ \ \
 \\/  ___)| |_)| | | | | || (_| |  ) ) ) )
  '  |____| .__|_| |_|_| |_\__, | / / / /
 =========|_|==============|_=_/=/_/_/_/
 :: Spring Boot ::        (v2.1.4.RELEASE)

2019-12-19 18:11:47.900  INFO 351068 --- [           main] c.f.b.Controller=ProjectControllerTest   : Starting ProjectControllerTest on Javafs with PI= 351068 (started by Admin in C:\Users\Admin\.jenkins\workspace\Project-Man=ger\backend)
2019-12-19 18:11:47.902  INFO 351068 --- [           main] c.f.b.Controller=ProjectControllerTest   : No active profile set, falling back to default p=ofiles: default
2019-12-19 18:11:48.580  INFO 351068 --- [           main] o.s.s.concurrent=ThreadPoolTaskExecutor  : Initializing ExecutorService 'applicationTaskExe=utor'
2019-12-19 18:11:48.809  INFO 351068 --- [           main] o.s.b.t.m.w.Spri=gBootMockServletContext : Initializing Spring TestDispatcherServlet ''
2019-12-19 18:11:48.809  INFO 351068 --- [           main] o.s.t.web.servle=.TestDispatcherServlet  : Initializing Servlet ''
2019-12-19 18:11:48.822  INFO 351068 --- [           main] o.s.t.web.servle=.TestDispatcherServlet  : Completed initialization in 13 ms
2019-12-19 18:11:48.857  INFO 351068 --- [           main] c.f.b.Controller=ProjectControllerTest   : Started ProjectControllerTest in 1.014 seconds (=VM running for 27.612)
[INFO] Tests run: 5, Failures: 0, Errors: 0, Skipped: 0, Time elapsed: 1.43=s - in com.fsd.backend.Controller.ProjectControllerTest
[INFO] Running com.fsd.backend.Controller.TaskControllerTest
2019-12-19 18:11:49.052  INFO 351068 --- [           main] .b.t.a.w.s.WebMv=TestContextBootstrapper : Neither @ContextConfiguration nor @ContextHierar=hy found for test class [com.fsd.backend.Controller.TaskControllerTest], u=ing SpringBootContextLoader
2019-12-19 18:11:49.053  INFO 351068 --- [           main] o.s.t.c.support.=bstractContextLoader    : Could not detect default resource locations for =est class [com.fsd.backend.Controller.TaskControllerTest]: no resource fou=d for suffixes {-context.xml, Context.groovy}.
2019-12-19 18:11:49.053  INFO 351068 --- [           main] t.c.s.Annotation=onfigContextLoaderUtils : Could not detect default configuration classes f=r test class [com.fsd.backend.Controller.TaskControllerTest]: TaskControll=rTest does not declare any static, non-private, non-final, nested classes =nnotated with @Configuration.
2019-12-19 18:11:49.060  INFO 351068 --- [           main] .b.t.c.SpringBoo=TestContextBootstrapper : Found @SpringBootConfiguration com.fsd.backend.B=ckendApplication for test class com.fsd.backend.Controller.TaskControllerT=st
2019-12-19 18:11:49.061  INFO 351068 --- [           main] .b.t.a.w.s.WebMv=TestContextBootstrapper : Loaded default TestExecutionListener class names=from location [META-INF/spring.factories]: [org.springframework.boot.test.=ock.mockito.MockitoTestExecutionListener, org.springframework.boot.test.mo=k.mockito.ResetMocksTestExecutionListener, org.springframework.boot.test.a=tjacoconfigure.restdocs.RestDocsTestExecutionListener, org.springframework.bo=t.test.autjacoconfigure.web.client.MockRestServiceServerResetTestExecutionLis=ener, org.springframework.boot.test.autjacoconfigure.web.servlet.MockMvcPrint=nlyOnFailureTestExecutionListener, org.springframework.boot.test.autjacoconfi=ure.web.servlet.WebDriverTestExecutionListener, org.springframework.test.c=ntext.web.ServletTestExecutionListener, org.springframework.test.context.s=pport.DirtiesContextBeforeModesTestExecutionListener, org.springframework.=est.context.support.DependencyInjectionTestExecutionListener, org.springfr=mework.test.context.support.DirtiesContextTestExecutionListener, org.sprin=framework.test.context.transaction.TransactionalTestExecutionListener, org=springframework.test.context.jdbc.SqlScriptsTestExecutionListener]
2019-12-19 18:11:49.062  INFO 351068 --- [           main] .b.t.a.w.s.WebMv=TestContextBootstrapper : Using TestExecutionListeners: [org.springframewo=k.test.context.web.ServletTestExecutionListener@5b858404, org.springframew=rk.test.context.support.DirtiesContextBeforeModesTestExecutionListener@3d1=b51d, org.springframework.boot.test.mock.mockito.MockitoTestExecutionListe=er@5de1bff9, org.springframework.boot.test.autjacoconfigure.SpringBootDepende=cyInjectionTestExecutionListener@73b0fcbd, org.springframework.test.contex=.support.DirtiesContextTestExecutionListener@4e2e36b, org.springframework.=est.context.transaction.TransactionalTestExecutionListener@74230fb7, org.s=ringframework.test.context.jdbc.SqlScriptsTestExecutionListener@246d68bd, =rg.springframework.boot.test.mock.mockito.ResetMocksTestExecutionListener@=04c2d99, org.springframework.boot.test.autjacoconfigure.restdocs.RestDocsTest=xecutionListener@43a66540, org.springframework.boot.test.autjacoconfigure.web=client.MockRestServiceServerResetTestExecutionListener@2f948434, org.sprin=framework.boot.test.autjacoconfigure.web.servlet.MockMvcPrintOnlyOnFailureTes=ExecutionListener@60f329fb, org.springframework.boot.test.autjacoconfigure.we=.servlet.WebDriverTestExecutionListener@51e2e099]

  .   ____          _            __ _ _
 /\\ / ___'_ __ _ _(_)_ __  __ _ \ \ \ \
( ( )\___ | '_ | '_| | '_ \/ _` | \ \ \ \
 \\/  ___)| |_)| | | | | || (_| |  ) ) ) )
  '  |____| .__|_| |_|_| |_\__, | / / / /
 =========|_|==============|_=_/=/_/_/_/
 :: Spring Boot ::        (v2.1.4.RELEASE)

2019-12-19 18:11:49.194  INFO 351068 --- [           main] c.f.b.Controller=TaskControllerTest      : Starting TaskControllerTest on Javafs with PID 3=1068 (started by Admin in C:\Users\Admin\.jenkins\workspace\Project-Manage=\backend)
2019-12-19 18:11:49.195  INFO 351068 --- [           main] c.f.b.Controller=TaskControllerTest      : No active profile set, falling back to default p=ofiles: default
2019-12-19 18:11:50.008  INFO 351068 --- [           main] o.s.s.concurrent=ThreadPoolTaskExecutor  : Initializing ExecutorService 'applicationTaskExe=utor'
2019-12-19 18:11:50.218  INFO 351068 --- [           main] o.s.b.t.m.w.Spri=gBootMockServletContext : Initializing Spring TestDispatcherServlet ''
2019-12-19 18:11:50.218  INFO 351068 --- [           main] o.s.t.web.servle=.TestDispatcherServlet  : Initializing Servlet ''
2019-12-19 18:11:50.232  INFO 351068 --- [           main] o.s.t.web.servle=.TestDispatcherServlet  : Completed initialization in 14 ms
2019-12-19 18:11:50.258  INFO 351068 --- [           main] c.f.b.Controller=TaskControllerTest      : Started TaskControllerTest in 1.191 seconds (JVM=running for 29.014)
[INFO] Tests run: 5, Failures: 0, Errors: 0, Skipped: 0, Time elapsed: 1.19= s - in com.fsd.backend.Controller.TaskControllerTest
[INFO] Running com.fsd.backend.Controller.UserControllerTest
2019-12-19 18:11:50.499  INFO 351068 --- [           main] .b.t.a.w.s.WebMv=TestContextBootstrapper : Neither @ContextConfiguration nor @ContextHierar=hy found for test class [com.fsd.backend.Controller.UserControllerTest], u=ing SpringBootContextLoader
2019-12-19 18:11:50.500  INFO 351068 --- [           main] o.s.t.c.support.=bstractContextLoader    : Could not detect default resource locations for =est class [com.fsd.backend.Controller.UserControllerTest]: no resource fou=d for suffixes {-context.xml, Context.groovy}.
2019-12-19 18:11:50.500  INFO 351068 --- [           main] t.c.s.Annotation=onfigContextLoaderUtils : Could not detect default configuration classes f=r test class [com.fsd.backend.Controller.UserControllerTest]: UserControll=rTest does not declare any static, non-private, non-final, nested classes =nnotated with @Configuration.
2019-12-19 18:11:50.538  INFO 351068 --- [           main] .b.t.c.SpringBoo=TestContextBootstrapper : Found @SpringBootConfiguration com.fsd.backend.B=ckendApplication for test class com.fsd.backend.Controller.UserControllerT=st
2019-12-19 18:11:50.539  INFO 351068 --- [           main] .b.t.a.w.s.WebMv=TestContextBootstrapper : Loaded default TestExecutionListener class names=from location [META-INF/spring.factories]: [org.springframework.boot.test.=ock.mockito.MockitoTestExecutionListener, org.springframework.boot.test.mo=k.mockito.ResetMocksTestExecutionListener, org.springframework.boot.test.a=tjacoconfigure.restdocs.RestDocsTestExecutionListener, org.springframework.bo=t.test.autjacoconfigure.web.client.MockRestServiceServerResetTestExecutionLis=ener, org.springframework.boot.test.autjacoconfigure.web.servlet.MockMvcPrint=nlyOnFailureTestExecutionListener, org.springframework.boot.test.autjacoconfi=ure.web.servlet.WebDriverTestExecutionListener, org.springframework.test.c=ntext.web.ServletTestExecutionListener, org.springframework.test.context.s=pport.DirtiesContextBeforeModesTestExecutionListener, org.springframework.=est.context.support.DependencyInjectionTestExecutionListener, org.springfr=mework.test.context.support.DirtiesContextTestExecutionListener, org.sprin=framework.test.context.transaction.TransactionalTestExecutionListener, org=springframework.test.context.jdbc.SqlScriptsTestExecutionListener]
2019-12-19 18:11:50.539  INFO 351068 --- [           main] .b.t.a.w.s.WebMv=TestContextBootstrapper : Using TestExecutionListeners: [org.springframewo=k.test.context.web.ServletTestExecutionListener@4a8c73fb, org.springframew=rk.test.context.support.DirtiesContextBeforeModesTestExecutionListener@9c3=57, org.springframework.boot.test.mock.mockito.MockitoTestExecutionListene=@103f2c1b, org.springframework.boot.test.autjacoconfigure.SpringBootDependenc=InjectionTestExecutionListener@2e2db14, org.springframework.test.context.s=pport.DirtiesContextTestExecutionListener@2bd86318, org.springframework.te=t.context.transaction.TransactionalTestExecutionListener@4a6fb1b5, org.spr=ngframework.test.context.jdbc.SqlScriptsTestExecutionListener@23d90317, or=.springframework.boot.test.mock.mockito.ResetMocksTestExecutionListener@37=74603, org.springframework.boot.test.autjacoconfigure.restdocs.RestDocsTestEx=cutionListener@5fdf2346, org.springframework.boot.test.autjacoconfigure.web.c=ient.MockRestServiceServerResetTestExecutionListener@688ac311, org.springf=amework.boot.test.autjacoconfigure.web.servlet.MockMvcPrintOnlyOnFailureTestE=ecutionListener@3a0b4ac, org.springframework.boot.test.autjacoconfigure.web.s=rvlet.WebDriverTestExecutionListener@eea3d85]

  .   ____          _            __ _ _
 /\\ / ___'_ __ _ _(_)_ __  __ _ \ \ \ \
( ( )\___ | '_ | '_| | '_ \/ _` | \ \ \ \
 \\/  ___)| |_)| | | | | || (_| |  ) ) ) )
  '  |____| .__|_| |_|_| |_\__, | / / / /
 =========|_|==============|_=_/=/_/_/_/
 :: Spring Boot ::        (v2.1.4.RELEASE)

2019-12-19 18:11:50.782  INFO 351068 --- [           main] c.f.b.Controller=UserControllerTest      : Starting UserControllerTest on Javafs with PID 3=1068 (started by Admin in C:\Users\Admin\.jenkins\workspace\Project-Manage=\backend)
2019-12-19 18:11:50.784  INFO 351068 --- [           main] c.f.b.Controller=UserControllerTest      : No active profile set, falling back to default p=ofiles: default
2019-12-19 18:11:51.631  INFO 351068 --- [           main] o.s.s.concurrent=ThreadPoolTaskExecutor  : Initializing ExecutorService 'applicationTaskExe=utor'
2019-12-19 18:11:51.872  INFO 351068 --- [           main] o.s.b.t.m.w.Spri=gBootMockServletContext : Initializing Spring TestDispatcherServlet ''
2019-12-19 18:11:51.873  INFO 351068 --- [           main] o.s.t.web.servle=.TestDispatcherServlet  : Initializing Servlet ''
2019-12-19 18:11:51.892  INFO 351068 --- [           main] o.s.t.web.servle=.TestDispatcherServlet  : Completed initialization in 19 ms
2019-12-19 18:11:51.929  INFO 351068 --- [           main] c.f.b.Controller=UserControllerTest      : Started UserControllerTest in 1.386 seconds (JVM=running for 30.684)
[INFO] Tests run: 5, Failures: 0, Errors: 0, Skipped: 0, Time elapsed: 2.02= s - in com.fsd.backend.Controller.UserControllerTest
[INFO] Running com.fsd.backend.Repository.ParentDaoTest
2019-12-19 18:11:52.376  INFO 351068 --- [           main] b.t.a.o.j.DataJp=TestContextBootstrapper : Neither @ContextConfiguration nor @ContextHierar=hy found for test class [com.fsd.backend.Repository.ParentDaoTest], using =pringBootContextLoader
2019-12-19 18:11:52.377  INFO 351068 --- [           main] o.s.t.c.support.=bstractContextLoader    : Could not detect default resource locations for =est class [com.fsd.backend.Repository.ParentDaoTest]: no resource found fo= suffixes {-context.xml, Context.groovy}.
2019-12-19 18:11:52.377  INFO 351068 --- [           main] t.c.s.Annotation=onfigContextLoaderUtils : Could not detect default configuration classes f=r test class [com.fsd.backend.Repository.ParentDaoTest]: ParentDaoTest doe= not declare any static, non-private, non-final, nested classes annotated =ith @Configuration.
2019-12-19 18:11:52.403  INFO 351068 --- [           main] .b.t.c.SpringBoo=TestContextBootstrapper : Found @SpringBootConfiguration com.fsd.backend.B=ckendApplication for test class com.fsd.backend.Repository.ParentDaoTest
2019-12-19 18:11:52.404  INFO 351068 --- [           main] b.t.a.o.j.DataJp=TestContextBootstrapper : Loaded default TestExecutionListener class names=from location [META-INF/spring.factories]: [org.springframework.boot.test.=ock.mockito.MockitoTestExecutionListener, org.springframework.boot.test.mo=k.mockito.ResetMocksTestExecutionListener, org.springframework.boot.test.a=tjacoconfigure.restdocs.RestDocsTestExecutionListener, org.springframework.bo=t.test.autjacoconfigure.web.client.MockRestServiceServerResetTestExecutionLis=ener, org.springframework.boot.test.autjacoconfigure.web.servlet.MockMvcPrint=nlyOnFailureTestExecutionListener, org.springframework.boot.test.autjacoconfi=ure.web.servlet.WebDriverTestExecutionListener, org.springframework.test.c=ntext.web.ServletTestExecutionListener, org.springframework.test.context.s=pport.DirtiesContextBeforeModesTestExecutionListener, org.springframework.=est.context.support.DependencyInjectionTestExecutionListener, org.springfr=mework.test.context.support.DirtiesContextTestExecutionListener, org.sprin=framework.test.context.transaction.TransactionalTestExecutionListener, org=springframework.test.context.jdbc.SqlScriptsTestExecutionListener]
2019-12-19 18:11:52.405  INFO 351068 --- [           main] b.t.a.o.j.DataJp=TestContextBootstrapper : Using TestExecutionListeners: [org.springframewo=k.test.context.web.ServletTestExecutionListener@25a79fcc, org.springframew=rk.test.context.support.DirtiesContextBeforeModesTestExecutionListener@7f9=36d, org.springframework.boot.test.mock.mockito.MockitoTestExecutionListen=r@2d43a2f, org.springframework.boot.test.autjacoconfigure.SpringBootDependenc=InjectionTestExecutionListener@773c91d6, org.springframework.test.context.=upport.DirtiesContextTestExecutionListener@6efc2902, org.springframework.t=st.context.transaction.TransactionalTestExecutionListener@22d25dab, org.sp=ingframework.test.context.jdbc.SqlScriptsTestExecutionListener@1f41e9c, or=.springframework.boot.test.mock.mockito.ResetMocksTestExecutionListener@12=58d55, org.springframework.boot.test.autjacoconfigure.restdocs.RestDocsTestEx=cutionListener@1d6e0224, org.springframework.boot.test.autjacoconfigure.web.c=ient.MockRestServiceServerResetTestExecutionListener@2de12b27, org.springf=amework.boot.test.autjacoconfigure.web.servlet.MockMvcPrintOnlyOnFailureTestE=ecutionListener@c40d0f9, org.springframework.boot.test.autjacoconfigure.web.s=rvlet.WebDriverTestExecutionListener@32c1db01]

  .   ____          _            __ _ _
 /\\ / ___'_ __ _ _(_)_ __  __ _ \ \ \ \
( ( )\___ | '_ | '_| | '_ \/ _` | \ \ \ \
 \\/  ___)| |_)| | | | | || (_| |  ) ) ) )
  '  |____| .__|_| |_|_| |_\__, | / / / /
 =========|_|==============|_=_/=/_/_/_/
 :: Spring Boot ::        (v2.1.4.RELEASE)

2019-12-19 18:11:52.439  INFO 351068 --- [           main] c.fsd.backend.Re=ository.ParentDaoTest   : Starting ParentDaoTest on Javafs with PID 351068=(started by Admin in C:\Users\Admin\.jenkins\workspace\Project-Manager\bac=end)
2019-12-19 18:11:52.441  INFO 351068 --- [           main] c.fsd.backend.Re=ository.ParentDaoTest   : No active profile set, falling back to default p=ofiles: default
2019-12-19 18:11:52.654  INFO 351068 --- [           main] .s.d.r.c.Reposit=ryConfigurationDelegate : Bootstrapping Spring Data repositories in DEFAUL= mode.
2019-12-19 18:11:52.686  INFO 351068 --- [           main] .s.d.r.c.Reposit=ryConfigurationDelegate : Finished Spring Data repository scanning in 31ms= Found 4 repository interfaces.
2019-12-19 18:11:52.705  INFO 351068 --- [           main] beddedDataSource=eanFactoryPostProcessor : Replacing 'dataSource' DataSource bean with embe=ded version
2019-12-19 18:11:52.762  INFO 351068 --- [           main] o.s.j.d.e.Embedd=dDatabaseFactory        : Starting embedded database: url='jdbc:h2:mem:0=f1ddef-f47c-4a3e-a7dc-57d55d510e23;DB_CLOSE_DELAY=-1;DB_CLOSE_ON_EXIT==alse', username='sa'
2019-12-19 18:11:52.893  INFO 351068 --- [           main] o.hibernate.jpa.=nternal.util.LogHelper  : HHH000204: Processing PersistenceUnitInfo [
	name: default
	...]
2019-12-19 18:11:52.908  INFO 351068 --- [           main] org.hibernate.di=lect.Dialect            : HHH000400: Using dialect: org.hibernate.dialect.=2Dialect
Hibernate: drop table parent_task if exists
Hibernate: drop table project if exists
Hibernate: drop table project_id if exists
Hibernate: drop table task if exists
Hibernate: drop table task_id if exists
Hibernate: drop table user if exists
Hibernate: drop sequence if exists hibernate_sequence
Hibernate: create sequence hibernate_sequence start with 1 increment by 1
Hibernate: create table parent_task (parent_task_id bigint not null, parent=task varchar(255) not null, primary key (parent_task_id))
Hibernate: create table project (project_id bigint not null, end_date date,=priority integer not null, project varchar(255), start_date date, user_use=_id bigint, primary key (project_id))
Hibernate: create table project_id (user_id bigint not null, project_id big=nt not null)
Hibernate: create table task (task_id bigint not null, end_date date not nu=l, priority integer not null, start_date date not null, status varchar(255= not null, task varchar(255) not null, parent_task_parent_task_id bigint n=t null, project_project_id bigint not null, user_user_id bigint not null, =rimary key (task_id))
Hibernate: create table task_id (user_id bigint not null, task_id bigint no= null, project_id bigint not null)
Hibernate: create table user (user_id bigint not null, employee_id varchar(=55) not null, first_name varchar(255) not null, last_name varchar(255) not=null, primary key (user_id))
Hibernate: alter table project_id add constraint UK_rvuvfy1y5dfti02hryk0vpa=i unique (project_id)
Hibernate: alter table task add constraint UK_mnjbilmcb2rvo6ucahakeelsr uni=ue (parent_task_parent_task_id)
Hibernate: alter table task_id add constraint UK_46mf8aoxbfjopc38i9mjd50oj =nique (task_id)
Hibernate: alter table project add constraint FKid2j2pfrqbmhl31xkvkeb57o3 f=reign key (user_user_id) references user
Hibernate: alter table project_id add constraint FKd7i2v2hvk387bbnq3hn66rpa= foreign key (project_id) references project
Hibernate: alter table project_id add constraint FKqipnq0dp3t63j7wi821ifga2= foreign key (user_id) references user
Hibernate: alter table task add constraint FKpolyaiqftuc6y50acsrsom2qg fore=gn key (parent_task_parent_task_id) references parent_task
Hibernate: alter table task add constraint FKeerx3epqnbyihu6v2rx89cy13 fore=gn key (project_project_id) references project
Hibernate: alter table task add constraint FK4ordojk2hmfawex6xkaqhynvj fore=gn key (user_user_id) references user
Hibernate: alter table task_id add constraint FKr232mau1tbh0qoj33q5t9viqa f=reign key (task_id) references task
Hibernate: alter table task_id add constraint FK56jrrmcvmsc1hrwxjasd344fb f=reign key (user_id) references user
Hibernate: alter table task_id add constraint FKc8byk5y75v30pdxkqd9e94uuv f=reign key (project_id) references project
2019-12-19 18:11:53.096  INFO 351068 --- [           main] o.h.t.schema.int=rnal.SchemaCreatorImpl  : HHH000476: Executing import script 'org.hibernat=.tool.schema.internal.exec.ScriptSourceInputNonExistentImpl@1b32ac30'
2019-12-19 18:11:53.096  INFO 351068 --- [           main] j.LocalContainer=ntityManagerFactoryBean : Initialized JPA EntityManagerFactory for persist=nce unit 'default'
2019-12-19 18:11:53.421  INFO 351068 --- [           main] c.fsd.backend.Re=ository.ParentDaoTest   : Started ParentDaoTest in 1.013 seconds (JVM runn=ng for 32.177)
2019-12-19 18:11:53.463  INFO 351068 --- [           main] o.s.t.c.transact=on.TransactionContext   : Began transaction (1) for test context [DefaultT=stContext@4dcf980 testClass = ParentDaoTest, testInstance = com.fsd.ba=kend.Repository.ParentDaoTest@27647a27, testMethod = testAddParent@Paren=DaoTest, testException = [null], mergedContextConfiguration = [MergedC=ntextConfiguration@56541c34 testClass = ParentDaoTest, locations = '{}=, classes = '{class com.fsd.backend.BackendApplication}', contextInitial=zerClasses = '[]', activeProfiles = '{}', propertySourceLocations = ={}', propertySourceProperties = '{org.springframework.boot.test.autjacoconf=gure.orm.jpa.DataJpaTestContextBootstrapper=true}', contextCustomizers =3D set[[ImportsContextCustomizer@36d3f426 key = [@org.springframework.bo=t.test.autjacoconfigure.orm.jpa.AutjacoconfigureDataJpa(), @org.springframework.=oot.test.autjacoconfigure.orm.jpa.AutjacoconfigureTestEntityManager(), @org.spri=gframework.boot.test.autjacoconfigure.properties.PropertyMapping(value=spri=g.test.database, skip=NO), @org.junit.runner.RunWith(value=class org.s=ringframework.test.context.junit4.SpringRunner), @org.springframework.cont=xt.annotation.Import(value=[class org.springframework.transaction.annota=ion.TransactionManagementConfigurationSelector]), @org.springframework.boo=.test.autjacoconfigure.orm.jpa.DataJpaTest(excludeAutjacoconfiguration=[], sho=Sql=true, useDefaultFilters=true, excludeFilters=[], includeFilters=3D[], properties=[]), @org.springframework.boot.test.autjacoconfigure.jdbc.=utjacoconfigureTestDatabase(replace=ANY, connection=NONE), @org.springfra=ework.context.annotation.Import(value=[class org.springframework.boot.au=jacoconfigure.ImportAutjacoconfigurationImportSelector]), @org.springframework.t=ansaction.annotation.Transactional(propagation=REQUIRED, rollbackForClas=Name=[], readOnly=false, isolation=DEFAULT, transactionManager=, n=RollbackFor=[], noRollbackForClassName=[], value=, timeout=-1, rol=backFor=[]), @org.springframework.boot.autjacoconfigure.ImportAutjacoconfigura=ion(value=[], exclude=[], classes=[]), @org.springframework.test.con=ext.BootstrapWith(value=class org.springframework.boot.test.autjacoconfigur=.orm.jpa.DataJpaTestContextBootstrapper), @org.springframework.boot.test.a=tjacoconfigure.filter.TypeExcludeFilters(value=[class org.springframework.b=ot.test.autjacoconfigure.orm.jpa.DataJpaTypeExcludeFilter]), @org.springframe=ork.boot.test.autjacoconfigure.OverrideAutjacoconfiguration(enabled=false), @o=g.springframework.transaction.annotation.EnableTransactionManagement(mode=3DPROXY, order=2147483647, proxyTargetClass=false), @org.springframewo=k.boot.test.autjacoconfigure.core.AutjacoconfigureCache(cacheProvider=NONE)]],=org.springframework.boot.test.context.filter.ExcludeFilterContextCustomize=@42fbed68, org.springframework.boot.test.json.DuplicateJsonObjectContextCu=tomizerFactory$DuplicateJsonObjectContextCustomizer@351f4c57, org.springfr=mework.boot.test.mock.mockito.MockitjacocontextCustomizer@0, org.springframew=rk.boot.test.autjacoconfigure.OverrideAutjacoconfigurationContextCustomizerFacto=y$DisableAutjacoconfigurationContextCustomizer@17c2edee, org.springframework.=oot.test.autjacoconfigure.filter.TypeExcludeFiltersContextCustomizer@351584c0= org.springframework.boot.test.autjacoconfigure.properties.PropertyMappingCon=extCustomizer@65fac36b, org.springframework.boot.test.autjacoconfigure.web.se=vlet.WebDriverContextCustomizerFactory$Customizer@67787a37], contextLoader== 'org.springframework.boot.test.context.SpringBootContextLoader', paren= = [null]], attributes = map[[empty]]]; transaction manager [org.sprin=framework.orm.jpa.JpaTransactionManager@4a23039b]; rollback [false]
Hibernate: select parenttask0_.parent_task_id as parent_t1_0_0_, parenttask=_.parent_task as parent_t2_0_0_ from parent_task parenttask0_ where parent=ask0_.parent_task_id=?
Hibernate: call next value for hibernate_sequence
Hibernate: insert into parent_task (parent_task, parent_task_id) values (?,=?)
2019-12-19 18:11:53.626  INFO 351068 --- [           main] o.s.t.c.transact=on.TransactionContext   : Committed transaction for test: [DefaultTestCont=xt@4dcf980 testClass = ParentDaoTest, testInstance = com.fsd.backend.R=pository.ParentDaoTest@27647a27, testMethod = testAddParent@ParentDaoTes=, testException = [null], mergedContextConfiguration = [MergedContextC=nfiguration@56541c34 testClass = ParentDaoTest, locations = '{}', clas=es = '{class com.fsd.backend.BackendApplication}', contextInitializerCla=ses = '[]', activeProfiles = '{}', propertySourceLocations = '{}', p=opertySourceProperties = '{org.springframework.boot.test.autjacoconfigure.o=m.jpa.DataJpaTestContextBootstrapper=true}', contextCustomizers = set[=ImportsContextCustomizer@36d3f426 key = [@org.springframework.boot.test.=utjacoconfigure.orm.jpa.AutjacoconfigureDataJpa(), @org.springframework.boot.tes=.autjacoconfigure.orm.jpa.AutjacoconfigureTestEntityManager(), @org.springframew=rk.boot.test.autjacoconfigure.properties.PropertyMapping(value=spring.test.=atabase, skip=NO), @org.junit.runner.RunWith(value=class org.springfra=ework.test.context.junit4.SpringRunner), @org.springframework.context.anno=ation.Import(value=[class org.springframework.transaction.annotation.Tra=sactionManagementConfigurationSelector]), @org.springframework.boot.test.a=tjacoconfigure.orm.jpa.DataJpaTest(excludeAutjacoconfiguration=[], showSql=t=ue, useDefaultFilters=true, excludeFilters=[], includeFilters=[], pr=perties=[]), @org.springframework.boot.test.autjacoconfigure.jdbc.Autjacoconfi=ureTestDatabase(replace=ANY, connection=NONE), @org.springframework.co=text.annotation.Import(value=[class org.springframework.boot.autjacoconfigu=e.ImportAutjacoconfigurationImportSelector]), @org.springframework.transactio=.annotation.Transactional(propagation=REQUIRED, rollbackForClassName=[=, readOnly=false, isolation=DEFAULT, transactionManager=, noRollback=or=[], noRollbackForClassName=[], value=, timeout=-1, rollbackFor=3D[]), @org.springframework.boot.autjacoconfigure.ImportAutjacoconfiguration(val=e=[], exclude=[], classes=[]), @org.springframework.test.context.Boo=strapWith(value=class org.springframework.boot.test.autjacoconfigure.orm.jp=.DataJpaTestContextBootstrapper), @org.springframework.boot.test.autjacoconfi=ure.filter.TypeExcludeFilters(value=[class org.springframework.boot.test=autjacoconfigure.orm.jpa.DataJpaTypeExcludeFilter]), @org.springframework.boo=.test.autjacoconfigure.OverrideAutjacoconfiguration(enabled=false), @org.sprin=framework.transaction.annotation.EnableTransactionManagement(mode=PROXY,=order=2147483647, proxyTargetClass=false), @org.springframework.boot.t=st.autjacoconfigure.core.AutjacoconfigureCache(cacheProvider=NONE)]], org.spri=gframework.boot.test.context.filter.ExcludeFilterContextCustomizer@42fbed6=, org.springframework.boot.test.json.DuplicateJsonObjectContextCustomizerF=ctory$DuplicateJsonObjectContextCustomizer@351f4c57, org.springframework.b=ot.test.mock.mockito.MockitjacocontextCustomizer@0, org.springframework.boot.=est.autjacoconfigure.OverrideAutjacoconfigurationContextCustomizerFactory$Disabl=AutjacoconfigurationContextCustomizer@17c2edee, org.springframework.boot.test=autjacoconfigure.filter.TypeExcludeFiltersContextCustomizer@351584c0, org.spr=ngframework.boot.test.autjacoconfigure.properties.PropertyMappingContextCusto=izer@65fac36b, org.springframework.boot.test.autjacoconfigure.web.servlet.Web=riverContextCustomizerFactory$Customizer@67787a37], contextLoader = 'org=springframework.boot.test.context.SpringBootContextLoader', parent = [nu=l]], attributes = map[[empty]]]
2019-12-19 18:11:53.630  INFO 351068 --- [           main] o.s.t.c.transact=on.TransactionContext   : Began transaction (1) for test context [DefaultT=stContext@4dcf980 testClass = ParentDaoTest, testInstance = com.fsd.ba=kend.Repository.ParentDaoTest@20dc4e48, testMethod = testGetParent@Paren=DaoTest, testException = [null], mergedContextConfiguration = [MergedC=ntextConfiguration@56541c34 testClass = ParentDaoTest, locations = '{}=, classes = '{class com.fsd.backend.BackendApplication}', contextInitial=zerClasses = '[]', activeProfiles = '{}', propertySourceLocations = ={}', propertySourceProperties = '{org.springframework.boot.test.autjacoconf=gure.orm.jpa.DataJpaTestContextBootstrapper=true}', contextCustomizers =3D set[[ImportsContextCustomizer@36d3f426 key = [@org.springframework.bo=t.test.autjacoconfigure.orm.jpa.AutjacoconfigureDataJpa(), @org.springframework.=oot.test.autjacoconfigure.orm.jpa.AutjacoconfigureTestEntityManager(), @org.spri=gframework.boot.test.autjacoconfigure.properties.PropertyMapping(value=spri=g.test.database, skip=NO), @org.junit.runner.RunWith(value=class org.s=ringframework.test.context.junit4.SpringRunner), @org.springframework.cont=xt.annotation.Import(value=[class org.springframework.transaction.annota=ion.TransactionManagementConfigurationSelector]), @org.springframework.boo=.test.autjacoconfigure.orm.jpa.DataJpaTest(excludeAutjacoconfiguration=[], sho=Sql=true, useDefaultFilters=true, excludeFilters=[], includeFilters=3D[], properties=[]), @org.springframework.boot.test.autjacoconfigure.jdbc.=utjacoconfigureTestDatabase(replace=ANY, connection=NONE), @org.springfra=ework.context.annotation.Import(value=[class org.springframework.boot.au=jacoconfigure.ImportAutjacoconfigurationImportSelector]), @org.springframework.t=ansaction.annotation.Transactional(propagation=REQUIRED, rollbackForClas=Name=[], readOnly=false, isolation=DEFAULT, transactionManager=, n=RollbackFor=[], noRollbackForClassName=[], value=, timeout=-1, rol=backFor=[]), @org.springframework.boot.autjacoconfigure.ImportAutjacoconfigura=ion(value=[], exclude=[], classes=[]), @org.springframework.test.con=ext.BootstrapWith(value=class org.springframework.boot.test.autjacoconfigur=.orm.jpa.DataJpaTestContextBootstrapper), @org.springframework.boot.test.a=tjacoconfigure.filter.TypeExcludeFilters(value=[class org.springframework.b=ot.test.autjacoconfigure.orm.jpa.DataJpaTypeExcludeFilter]), @org.springframe=ork.boot.test.autjacoconfigure.OverrideAutjacoconfiguration(enabled=false), @o=g.springframework.transaction.annotation.EnableTransactionManagement(mode=3DPROXY, order=2147483647, proxyTargetClass=false), @org.springframewo=k.boot.test.autjacoconfigure.core.AutjacoconfigureCache(cacheProvider=NONE)]],=org.springframework.boot.test.context.filter.ExcludeFilterContextCustomize=@42fbed68, org.springframework.boot.test.json.DuplicateJsonObjectContextCu=tomizerFactory$DuplicateJsonObjectContextCustomizer@351f4c57, org.springfr=mework.boot.test.mock.mockito.MockitjacocontextCustomizer@0, org.springframew=rk.boot.test.autjacoconfigure.OverrideAutjacoconfigurationContextCustomizerFacto=y$DisableAutjacoconfigurationContextCustomizer@17c2edee, org.springframework.=oot.test.autjacoconfigure.filter.TypeExcludeFiltersContextCustomizer@351584c0= org.springframework.boot.test.autjacoconfigure.properties.PropertyMappingCon=extCustomizer@65fac36b, org.springframework.boot.test.autjacoconfigure.web.se=vlet.WebDriverContextCustomizerFactory$Customizer@67787a37], contextLoader== 'org.springframework.boot.test.context.SpringBootContextLoader', paren= = [null]], attributes = map[[empty]]]; transaction manager [org.sprin=framework.orm.jpa.JpaTransactionManager@4a23039b]; rollback [false]
Hibernate: select parenttask0_.parent_task_id as parent_t1_0_0_, parenttask=_.parent_task as parent_t2_0_0_ from parent_task parenttask0_ where parent=ask0_.parent_task_id=?
2019-12-19 18:11:53.728  INFO 351068 --- [           main] o.h.h.i.QueryTra=slatorFactoryInitiator  : HHH000397: Using ASTQueryTranslatorFactory
Hibernate: select parenttask0_.parent_task_id as parent_t1_0_, parenttask0_=parent_task as parent_t2_0_ from parent_task parenttask0_
2019-12-19 18:11:54.062  INFO 351068 --- [           main] o.s.t.c.transact=on.TransactionContext   : Committed transaction for test: [DefaultTestCont=xt@4dcf980 testClass = ParentDaoTest, testInstance = com.fsd.backend.R=pository.ParentDaoTest@20dc4e48, testMethod = testGetParent@ParentDaoTes=, testException = [null], mergedContextConfiguration = [MergedContextC=nfiguration@56541c34 testClass = ParentDaoTest, locations = '{}', clas=es = '{class com.fsd.backend.BackendApplication}', contextInitializerCla=ses = '[]', activeProfiles = '{}', propertySourceLocations = '{}', p=opertySourceProperties = '{org.springframework.boot.test.autjacoconfigure.o=m.jpa.DataJpaTestContextBootstrapper=true}', contextCustomizers = set[=ImportsContextCustomizer@36d3f426 key = [@org.springframework.boot.test.=utjacoconfigure.orm.jpa.AutjacoconfigureDataJpa(), @org.springframework.boot.tes=.autjacoconfigure.orm.jpa.AutjacoconfigureTestEntityManager(), @org.springframew=rk.boot.test.autjacoconfigure.properties.PropertyMapping(value=spring.test.=atabase, skip=NO), @org.junit.runner.RunWith(value=class org.springfra=ework.test.context.junit4.SpringRunner), @org.springframework.context.anno=ation.Import(value=[class org.springframework.transaction.annotation.Tra=sactionManagementConfigurationSelector]), @org.springframework.boot.test.a=tjacoconfigure.orm.jpa.DataJpaTest(excludeAutjacoconfiguration=[], showSql=t=ue, useDefaultFilters=true, excludeFilters=[], includeFilters=[], pr=perties=[]), @org.springframework.boot.test.autjacoconfigure.jdbc.Autjacoconfi=ureTestDatabase(replace=ANY, connection=NONE), @org.springframework.co=text.annotation.Import(value=[class org.springframework.boot.autjacoconfigu=e.ImportAutjacoconfigurationImportSelector]), @org.springframework.transactio=.annotation.Transactional(propagation=REQUIRED, rollbackForClassName=[=, readOnly=false, isolation=DEFAULT, transactionManager=, noRollback=or=[], noRollbackForClassName=[], value=, timeout=-1, rollbackFor=3D[]), @org.springframework.boot.autjacoconfigure.ImportAutjacoconfiguration(val=e=[], exclude=[], classes=[]), @org.springframework.test.context.Boo=strapWith(value=class org.springframework.boot.test.autjacoconfigure.orm.jp=.DataJpaTestContextBootstrapper), @org.springframework.boot.test.autjacoconfi=ure.filter.TypeExcludeFilters(value=[class org.springframework.boot.test=autjacoconfigure.orm.jpa.DataJpaTypeExcludeFilter]), @org.springframework.boo=.test.autjacoconfigure.OverrideAutjacoconfiguration(enabled=false), @org.sprin=framework.transaction.annotation.EnableTransactionManagement(mode=PROXY,=order=2147483647, proxyTargetClass=false), @org.springframework.boot.t=st.autjacoconfigure.core.AutjacoconfigureCache(cacheProvider=NONE)]], org.spri=gframework.boot.test.context.filter.ExcludeFilterContextCustomizer@42fbed6=, org.springframework.boot.test.json.DuplicateJsonObjectContextCustomizerF=ctory$DuplicateJsonObjectContextCustomizer@351f4c57, org.springframework.b=ot.test.mock.mockito.MockitjacocontextCustomizer@0, org.springframework.boot.=est.autjacoconfigure.OverrideAutjacoconfigurationContextCustomizerFactory$Disabl=AutjacoconfigurationContextCustomizer@17c2edee, org.springframework.boot.test=autjacoconfigure.filter.TypeExcludeFiltersContextCustomizer@351584c0, org.spr=ngframework.boot.test.autjacoconfigure.properties.PropertyMappingContextCusto=izer@65fac36b, org.springframework.boot.test.autjacoconfigure.web.servlet.Web=riverContextCustomizerFactory$Customizer@67787a37], contextLoader = 'org=springframework.boot.test.context.SpringBootContextLoader', parent = [nu=l]], attributes = map[[empty]]]
[INFO] Tests run: 2, Failures: 0, Errors: 0, Skipped: 0, Time elapsed: 1.55=s - in com.fsd.backend.Repository.ParentDaoTest
[INFO] Running com.fsd.backend.Repository.ProjectDaoTest
2019-12-19 18:11:54.069  INFO 351068 --- [           main] b.t.a.o.j.DataJp=TestContextBootstrapper : Neither @ContextConfiguration nor @ContextHierar=hy found for test class [com.fsd.backend.Repository.ProjectDaoTest], using=SpringBootContextLoader
2019-12-19 18:11:54.070  INFO 351068 --- [           main] o.s.t.c.support.=bstractContextLoader    : Could not detect default resource locations for =est class [com.fsd.backend.Repository.ProjectDaoTest]: no resource found f=r suffixes {-context.xml, Context.groovy}.
2019-12-19 18:11:54.070  INFO 351068 --- [           main] t.c.s.Annotation=onfigContextLoaderUtils : Could not detect default configuration classes f=r test class [com.fsd.backend.Repository.ProjectDaoTest]: ProjectDaoTest d=es not declare any static, non-private, non-final, nested classes annotate= with @Configuration.
2019-12-19 18:11:54.083  INFO 351068 --- [           main] .b.t.c.SpringBoo=TestContextBootstrapper : Found @SpringBootConfiguration com.fsd.backend.B=ckendApplication for test class com.fsd.backend.Repository.ProjectDaoTest
2019-12-19 18:11:54.085  INFO 351068 --- [           main] b.t.a.o.j.DataJp=TestContextBootstrapper : Loaded default TestExecutionListener class names=from location [META-INF/spring.factories]: [org.springframework.boot.test.=ock.mockito.MockitoTestExecutionListener, org.springframework.boot.test.mo=k.mockito.ResetMocksTestExecutionListener, org.springframework.boot.test.a=tjacoconfigure.restdocs.RestDocsTestExecutionListener, org.springframework.bo=t.test.autjacoconfigure.web.client.MockRestServiceServerResetTestExecutionLis=ener, org.springframework.boot.test.autjacoconfigure.web.servlet.MockMvcPrint=nlyOnFailureTestExecutionListener, org.springframework.boot.test.autjacoconfi=ure.web.servlet.WebDriverTestExecutionListener, org.springframework.test.c=ntext.web.ServletTestExecutionListener, org.springframework.test.context.s=pport.DirtiesContextBeforeModesTestExecutionListener, org.springframework.=est.context.support.DependencyInjectionTestExecutionListener, org.springfr=mework.test.context.support.DirtiesContextTestExecutionListener, org.sprin=framework.test.context.transaction.TransactionalTestExecutionListener, org=springframework.test.context.jdbc.SqlScriptsTestExecutionListener]
2019-12-19 18:11:54.085  INFO 351068 --- [           main] b.t.a.o.j.DataJp=TestContextBootstrapper : Using TestExecutionListeners: [org.springframewo=k.test.context.web.ServletTestExecutionListener@1ad95ddb, org.springframew=rk.test.context.support.DirtiesContextBeforeModesTestExecutionListener@318=0e76, org.springframework.boot.test.mock.mockito.MockitoTestExecutionListe=er@653d4b65, org.springframework.boot.test.autjacoconfigure.SpringBootDepende=cyInjectionTestExecutionListener@1a56570b, org.springframework.test.contex=.support.DirtiesContextTestExecutionListener@4a31e61f, org.springframework=test.context.transaction.TransactionalTestExecutionListener@434ca591, org.=pringframework.test.context.jdbc.SqlScriptsTestExecutionListener@4c25b8fe,=org.springframework.boot.test.mock.mockito.ResetMocksTestExecutionListener=6463407e, org.springframework.boot.test.autjacoconfigure.restdocs.RestDocsTes=ExecutionListener@21a753f3, org.springframework.boot.test.autjacoconfigure.we=.client.MockRestServiceServerResetTestExecutionListener@7610a7b, org.sprin=framework.boot.test.autjacoconfigure.web.servlet.MockMvcPrintOnlyOnFailureTes=ExecutionListener@6662a021, org.springframework.boot.test.autjacoconfigure.we=.servlet.WebDriverTestExecutionListener@187c6c23]
2019-12-19 18:11:54.095  INFO 351068 --- [           main] o.s.t.c.transact=on.TransactionContext   : Began transaction (1) for test context [DefaultT=stContext@414d06a testClass = ProjectDaoTest, testInstance = com.fsd.b=ckend.Repository.ProjectDaoTest@7b5453d0, testMethod = testUpdateProject=ProjectDaoTest, testException = [null], mergedContextConfiguration = [=ergedContextConfiguration@64cf8420 testClass = ProjectDaoTest, locations== '{}', classes = '{class com.fsd.backend.BackendApplication}', contex=InitializerClasses = '[]', activeProfiles = '{}', propertySourceLocati=ns = '{}', propertySourceProperties = '{org.springframework.boot.test.=utjacoconfigure.orm.jpa.DataJpaTestContextBootstrapper=true}', contextCusto=izers = set[[ImportsContextCustomizer@ee1f254 key = [@org.springframew=rk.boot.test.autjacoconfigure.orm.jpa.AutjacoconfigureDataJpa(), @org.springfram=work.boot.test.autjacoconfigure.orm.jpa.AutjacoconfigureTestEntityManager(), @or=.springframework.boot.test.autjacoconfigure.properties.PropertyMapping(value=3Dspring.test.database, skip=NO), @org.junit.runner.RunWith(value=clas= org.springframework.test.context.junit4.SpringRunner), @org.springframewo=k.context.annotation.Import(value=[class org.springframework.transaction=annotation.TransactionManagementConfigurationSelector]), @org.springframew=rk.boot.test.autjacoconfigure.orm.jpa.DataJpaTest(excludeAutjacoconfiguration==], showSql=true, useDefaultFilters=true, excludeFilters=[], includeF=lters=[], properties=[]), @org.springframework.boot.test.autjacoconfigure=jdbc.AutjacoconfigureTestDatabase(replace=ANY, connection=NONE), @org.spr=ngframework.context.annotation.Import(value=[class org.springframework.b=ot.autjacoconfigure.ImportAutjacoconfigurationImportSelector]), @org.springframe=ork.transaction.annotation.Transactional(propagation=REQUIRED, rollbackF=rClassName=[], readOnly=false, isolation=DEFAULT, transactionManager=3D, noRollbackFor=[], noRollbackForClassName=[], value=, timeout=-=, rollbackFor=[]), @org.springframework.boot.autjacoconfigure.ImportAutjacocon=iguration(value=[], exclude=[], classes=[]), @org.springframework.te=t.context.BootstrapWith(value=class org.springframework.boot.test.autjacoco=figure.orm.jpa.DataJpaTestContextBootstrapper), @org.springframework.boot.=est.autjacoconfigure.filter.TypeExcludeFilters(value=[class org.springframe=ork.boot.test.autjacoconfigure.orm.jpa.DataJpaTypeExcludeFilter]), @org.sprin=framework.boot.test.autjacoconfigure.OverrideAutjacoconfiguration(enabled=fals=), @org.springframework.transaction.annotation.EnableTransactionManagement=mode=PROXY, order=2147483647, proxyTargetClass=false), @org.springfr=mework.boot.test.autjacoconfigure.core.AutjacoconfigureCache(cacheProvider=NON=)]], org.springframework.boot.test.context.filter.ExcludeFilterContextCust=mizer@42fbed68, org.springframework.boot.test.json.DuplicateJsonObjectCont=xtCustomizerFactory$DuplicateJsonObjectContextCustomizer@351f4c57, org.spr=ngframework.boot.test.mock.mockito.MockitjacocontextCustomizer@0, org.springf=amework.boot.test.autjacoconfigure.OverrideAutjacoconfigurationContextCustomizer=actory$DisableAutjacoconfigurationContextCustomizer@17c2edee, org.springframe=ork.boot.test.autjacoconfigure.filter.TypeExcludeFiltersContextCustomizer@351=84c0, org.springframework.boot.test.autjacoconfigure.properties.PropertyMappi=gContextCustomizer@65fac36b, org.springframework.boot.test.autjacoconfigure.w=b.servlet.WebDriverContextCustomizerFactory$Customizer@67787a37], contextL=ader = 'org.springframework.boot.test.context.SpringBootContextLoader', =arent = [null]], attributes = map[[empty]]]; transaction manager [org.=pringframework.orm.jpa.JpaTransactionManager@4a23039b]; rollback [false]
Hibernate: select project0_.project_id as project_1_1_0_, project0_.end_dat= as end_date2_1_0_, project0_.priority as priority3_1_0_, project0_.projec= as project4_1_0_, project0_.start_date as start_da5_1_0_, project0_.user_=ser_id as user_use6_1_0_ from project project0_ where project0_.project_id=3D?
Hibernate: call next value for hibernate_sequence
Hibernate: insert into project (end_date, priority, project, start_date, us=r_user_id, project_id) values (?, ?, ?, ?, ?, ?)
2019-12-19 18:11:54.161  INFO 351068 --- [           main] o.s.t.c.transact=on.TransactionContext   : Committed transaction for test: [DefaultTestCont=xt@414d06a testClass = ProjectDaoTest, testInstance = com.fsd.backend.=epository.ProjectDaoTest@7b5453d0, testMethod = testUpdateProject@Projec=DaoTest, testException = [null], mergedContextConfiguration = [MergedC=ntextConfiguration@64cf8420 testClass = ProjectDaoTest, locations = '{=', classes = '{class com.fsd.backend.BackendApplication}', contextInitia=izerClasses = '[]', activeProfiles = '{}', propertySourceLocations =='{}', propertySourceProperties = '{org.springframework.boot.test.autjacocon=igure.orm.jpa.DataJpaTestContextBootstrapper=true}', contextCustomizers =3D set[[ImportsContextCustomizer@ee1f254 key = [@org.springframework.boo=.test.autjacoconfigure.orm.jpa.AutjacoconfigureDataJpa(), @org.springframework.b=ot.test.autjacoconfigure.orm.jpa.AutjacoconfigureTestEntityManager(), @org.sprin=framework.boot.test.autjacoconfigure.properties.PropertyMapping(value=sprin=.test.database, skip=NO), @org.junit.runner.RunWith(value=class org.sp=ingframework.test.context.junit4.SpringRunner), @org.springframework.conte=t.annotation.Import(value=[class org.springframework.transaction.annotat=on.TransactionManagementConfigurationSelector]), @org.springframework.boot=test.autjacoconfigure.orm.jpa.DataJpaTest(excludeAutjacoconfiguration=[], show=ql=true, useDefaultFilters=true, excludeFilters=[], includeFilters=3D[], properties=[]), @org.springframework.boot.test.autjacoconfigure.jdbc.=utjacoconfigureTestDatabase(replace=ANY, connection=NONE), @org.springfra=ework.context.annotation.Import(value=[class org.springframework.boot.au=jacoconfigure.ImportAutjacoconfigurationImportSelector]), @org.springframework.t=ansaction.annotation.Transactional(propagation=REQUIRED, rollbackForClas=Name=[], readOnly=false, isolation=DEFAULT, transactionManager=, n=RollbackFor=[], noRollbackForClassName=[], value=, timeout=-1, rol=backFor=[]), @org.springframework.boot.autjacoconfigure.ImportAutjacoconfigura=ion(value=[], exclude=[], classes=[]), @org.springframework.test.con=ext.BootstrapWith(value=class org.springframework.boot.test.autjacoconfigur=.orm.jpa.DataJpaTestContextBootstrapper), @org.springframework.boot.test.a=tjacoconfigure.filter.TypeExcludeFilters(value=[class org.springframework.b=ot.test.autjacoconfigure.orm.jpa.DataJpaTypeExcludeFilter]), @org.springframe=ork.boot.test.autjacoconfigure.OverrideAutjacoconfiguration(enabled=false), @o=g.springframework.transaction.annotation.EnableTransactionManagement(mode=3DPROXY, order=2147483647, proxyTargetClass=false), @org.springframewo=k.boot.test.autjacoconfigure.core.AutjacoconfigureCache(cacheProvider=NONE)]],=org.springframework.boot.test.context.filter.ExcludeFilterContextCustomize=@42fbed68, org.springframework.boot.test.json.DuplicateJsonObjectContextCu=tomizerFactory$DuplicateJsonObjectContextCustomizer@351f4c57, org.springfr=mework.boot.test.mock.mockito.MockitjacocontextCustomizer@0, org.springframew=rk.boot.test.autjacoconfigure.OverrideAutjacoconfigurationContextCustomizerFacto=y$DisableAutjacoconfigurationContextCustomizer@17c2edee, org.springframework.=oot.test.autjacoconfigure.filter.TypeExcludeFiltersContextCustomizer@351584c0= org.springframework.boot.test.autjacoconfigure.properties.PropertyMappingCon=extCustomizer@65fac36b, org.springframework.boot.test.autjacoconfigure.web.se=vlet.WebDriverContextCustomizerFactory$Customizer@67787a37], contextLoader== 'org.springframework.boot.test.context.SpringBootContextLoader', paren= = [null]], attributes = map[[empty]]]
2019-12-19 18:11:54.164  INFO 351068 --- [           main] o.s.t.c.transact=on.TransactionContext   : Began transaction (1) for test context [DefaultT=stContext@414d06a testClass = ProjectDaoTest, testInstance = com.fsd.b=ckend.Repository.ProjectDaoTest@3f14b56e, testMethod = testAddProject@Pr=jectDaoTest, testException = [null], mergedContextConfiguration = [Mer=edContextConfiguration@64cf8420 testClass = ProjectDaoTest, locations =3D '{}', classes = '{class com.fsd.backend.BackendApplication}', context=nitializerClasses = '[]', activeProfiles = '{}', propertySourceLocatio=s = '{}', propertySourceProperties = '{org.springframework.boot.test.a=tjacoconfigure.orm.jpa.DataJpaTestContextBootstrapper=true}', contextCustom=zers = set[[ImportsContextCustomizer@ee1f254 key = [@org.springframewo=k.boot.test.autjacoconfigure.orm.jpa.AutjacoconfigureDataJpa(), @org.springframe=ork.boot.test.autjacoconfigure.orm.jpa.AutjacoconfigureTestEntityManager(), @org=springframework.boot.test.autjacoconfigure.properties.PropertyMapping(value=3Dspring.test.database, skip=NO), @org.junit.runner.RunWith(value=clas= org.springframework.test.context.junit4.SpringRunner), @org.springframewo=k.context.annotation.Import(value=[class org.springframework.transaction=annotation.TransactionManagementConfigurationSelector]), @org.springframew=rk.boot.test.autjacoconfigure.orm.jpa.DataJpaTest(excludeAutjacoconfiguration==], showSql=true, useDefaultFilters=true, excludeFilters=[], includeF=lters=[], properties=[]), @org.springframework.boot.test.autjacoconfigure=jdbc.AutjacoconfigureTestDatabase(replace=ANY, connection=NONE), @org.spr=ngframework.context.annotation.Import(value=[class org.springframework.b=ot.autjacoconfigure.ImportAutjacoconfigurationImportSelector]), @org.springframe=ork.transaction.annotation.Transactional(propagation=REQUIRED, rollbackF=rClassName=[], readOnly=false, isolation=DEFAULT, transactionManager=3D, noRollbackFor=[], noRollbackForClassName=[], value=, timeout=-=, rollbackFor=[]), @org.springframework.boot.autjacoconfigure.ImportAutjacocon=iguration(value=[], exclude=[], classes=[]), @org.springframework.te=t.context.BootstrapWith(value=class org.springframework.boot.test.autjacoco=figure.orm.jpa.DataJpaTestContextBootstrapper), @org.springframework.boot.=est.autjacoconfigure.filter.TypeExcludeFilters(value=[class org.springframe=ork.boot.test.autjacoconfigure.orm.jpa.DataJpaTypeExcludeFilter]), @org.sprin=framework.boot.test.autjacoconfigure.OverrideAutjacoconfiguration(enabled=fals=), @org.springframework.transaction.annotation.EnableTransactionManagement=mode=PROXY, order=2147483647, proxyTargetClass=false), @org.springfr=mework.boot.test.autjacoconfigure.core.AutjacoconfigureCache(cacheProvider=NON=)]], org.springframework.boot.test.context.filter.ExcludeFilterContextCust=mizer@42fbed68, org.springframework.boot.test.json.DuplicateJsonObjectCont=xtCustomizerFactory$DuplicateJsonObjectContextCustomizer@351f4c57, org.spr=ngframework.boot.test.mock.mockito.MockitjacocontextCustomizer@0, org.springf=amework.boot.test.autjacoconfigure.OverrideAutjacoconfigurationContextCustomizer=actory$DisableAutjacoconfigurationContextCustomizer@17c2edee, org.springframe=ork.boot.test.autjacoconfigure.filter.TypeExcludeFiltersContextCustomizer@351=84c0, org.springframework.boot.test.autjacoconfigure.properties.PropertyMappi=gContextCustomizer@65fac36b, org.springframework.boot.test.autjacoconfigure.w=b.servlet.WebDriverContextCustomizerFactory$Customizer@67787a37], contextL=ader = 'org.springframework.boot.test.context.SpringBootContextLoader', =arent = [null]], attributes = map[[empty]]]; transaction manager [org.=pringframework.orm.jpa.JpaTransactionManager@4a23039b]; rollback [false]
Hibernate: select project0_.project_id as project_1_1_0_, project0_.end_dat= as end_date2_1_0_, project0_.priority as priority3_1_0_, project0_.projec= as project4_1_0_, project0_.start_date as start_da5_1_0_, project0_.user_=ser_id as user_use6_1_0_ from project project0_ where project0_.project_id=3D?
Hibernate: call next value for hibernate_sequence
Hibernate: insert into project (end_date, priority, project, start_date, us=r_user_id, project_id) values (?, ?, ?, ?, ?, ?)
2019-12-19 18:11:54.180  INFO 351068 --- [           main] o.s.t.c.transact=on.TransactionContext   : Committed transaction for test: [DefaultTestCont=xt@414d06a testClass = ProjectDaoTest, testInstance = com.fsd.backend.=epository.ProjectDaoTest@3f14b56e, testMethod = testAddProject@ProjectDa=Test, testException = [null], mergedContextConfiguration = [MergedCont=xtConfiguration@64cf8420 testClass = ProjectDaoTest, locations = '{}',=classes = '{class com.fsd.backend.BackendApplication}', contextInitializ=rClasses = '[]', activeProfiles = '{}', propertySourceLocations = '{=', propertySourceProperties = '{org.springframework.boot.test.autjacoconfig=re.orm.jpa.DataJpaTestContextBootstrapper=true}', contextCustomizers ==set[[ImportsContextCustomizer@ee1f254 key = [@org.springframework.boot.t=st.autjacoconfigure.orm.jpa.AutjacoconfigureDataJpa(), @org.springframework.boot=test.autjacoconfigure.orm.jpa.AutjacoconfigureTestEntityManager(), @org.springfr=mework.boot.test.autjacoconfigure.properties.PropertyMapping(value=spring.t=st.database, skip=NO), @org.junit.runner.RunWith(value=class org.sprin=framework.test.context.junit4.SpringRunner), @org.springframework.context.=nnotation.Import(value=[class org.springframework.transaction.annotation=TransactionManagementConfigurationSelector]), @org.springframework.boot.te=t.autjacoconfigure.orm.jpa.DataJpaTest(excludeAutjacoconfiguration=[], showSql=3Dtrue, useDefaultFilters=true, excludeFilters=[], includeFilters=[]= properties=[]), @org.springframework.boot.test.autjacoconfigure.jdbc.AutoC=nfigureTestDatabase(replace=ANY, connection=NONE), @org.springframewor=.context.annotation.Import(value=[class org.springframework.boot.autjacocon=igure.ImportAutjacoconfigurationImportSelector]), @org.springframework.transa=tion.annotation.Transactional(propagation=REQUIRED, rollbackForClassName=3D[], readOnly=false, isolation=DEFAULT, transactionManager=, noRoll=ackFor=[], noRollbackForClassName=[], value=, timeout=-1, rollback=or=[]), @org.springframework.boot.autjacoconfigure.ImportAutjacoconfiguration(=alue=[], exclude=[], classes=[]), @org.springframework.test.context.=ootstrapWith(value=class org.springframework.boot.test.autjacoconfigure.orm=jpa.DataJpaTestContextBootstrapper), @org.springframework.boot.test.autjacoco=figure.filter.TypeExcludeFilters(value=[class org.springframework.boot.t=st.autjacoconfigure.orm.jpa.DataJpaTypeExcludeFilter]), @org.springframework.=oot.test.autjacoconfigure.OverrideAutjacoconfiguration(enabled=false), @org.sp=ingframework.transaction.annotation.EnableTransactionManagement(mode=PRO=Y, order=2147483647, proxyTargetClass=false), @org.springframework.boo=.test.autjacoconfigure.core.AutjacoconfigureCache(cacheProvider=NONE)]], org.s=ringframework.boot.test.context.filter.ExcludeFilterContextCustomizer@42fb=d68, org.springframework.boot.test.json.DuplicateJsonObjectContextCustomiz=rFactory$DuplicateJsonObjectContextCustomizer@351f4c57, org.springframewor=.boot.test.mock.mockito.MockitjacocontextCustomizer@0, org.springframework.bo=t.test.autjacoconfigure.OverrideAutjacoconfigurationContextCustomizerFactory$Dis=bleAutjacoconfigurationContextCustomizer@17c2edee, org.springframework.boot.t=st.autjacoconfigure.filter.TypeExcludeFiltersContextCustomizer@351584c0, org.=pringframework.boot.test.autjacoconfigure.properties.PropertyMappingContextCu=tomizer@65fac36b, org.springframework.boot.test.autjacoconfigure.web.servlet.=ebDriverContextCustomizerFactory$Customizer@67787a37], contextLoader = '=rg.springframework.boot.test.context.SpringBootContextLoader', parent = =null]], attributes = map[[empty]]]
2019-12-19 18:11:54.186  INFO 351068 --- [           main] o.s.t.c.transact=on.TransactionContext   : Began transaction (1) for test context [DefaultT=stContext@414d06a testClass = ProjectDaoTest, testInstance = com.fsd.b=ckend.Repository.ProjectDaoTest@6720095a, testMethod = testfindProjectBy=d@ProjectDaoTest, testException = [null], mergedContextConfiguration ==[MergedContextConfiguration@64cf8420 testClass = ProjectDaoTest, locatio=s = '{}', classes = '{class com.fsd.backend.BackendApplication}', cont=xtInitializerClasses = '[]', activeProfiles = '{}', propertySourceLoca=ions = '{}', propertySourceProperties = '{org.springframework.boot.tes=.autjacoconfigure.orm.jpa.DataJpaTestContextBootstrapper=true}', contextCus=omizers = set[[ImportsContextCustomizer@ee1f254 key = [@org.springfram=work.boot.test.autjacoconfigure.orm.jpa.AutjacoconfigureDataJpa(), @org.springfr=mework.boot.test.autjacoconfigure.orm.jpa.AutjacoconfigureTestEntityManager(), @=rg.springframework.boot.test.autjacoconfigure.properties.PropertyMapping(valu==spring.test.database, skip=NO), @org.junit.runner.RunWith(value=cla=s org.springframework.test.context.junit4.SpringRunner), @org.springframew=rk.context.annotation.Import(value=[class org.springframework.transactio=.annotation.TransactionManagementConfigurationSelector]), @org.springframe=ork.boot.test.autjacoconfigure.orm.jpa.DataJpaTest(excludeAutjacoconfiguration=3D[], showSql=true, useDefaultFilters=true, excludeFilters=[], inclu=eFilters=[], properties=[]), @org.springframework.boot.test.autjacoconfig=re.jdbc.AutjacoconfigureTestDatabase(replace=ANY, connection=NONE), @org.=pringframework.context.annotation.Import(value=[class org.springframewor=.boot.autjacoconfigure.ImportAutjacoconfigurationImportSelector]), @org.springfr=mework.transaction.annotation.Transactional(propagation=REQUIRED, rollba=kForClassName=[], readOnly=false, isolation=DEFAULT, transactionMana=er=, noRollbackFor=[], noRollbackForClassName=[], value=, timeout=3D-1, rollbackFor=[]), @org.springframework.boot.autjacoconfigure.ImportAut=Configuration(value=[], exclude=[], classes=[]), @org.springframewor=.test.context.BootstrapWith(value=class org.springframework.boot.test.au=jacoconfigure.orm.jpa.DataJpaTestContextBootstrapper), @org.springframework.b=ot.test.autjacoconfigure.filter.TypeExcludeFilters(value=[class org.springf=amework.boot.test.autjacoconfigure.orm.jpa.DataJpaTypeExcludeFilter]), @org.s=ringframework.boot.test.autjacoconfigure.OverrideAutjacoconfiguration(enabled==alse), @org.springframework.transaction.annotation.EnableTransactionManage=ent(mode=PROXY, order=2147483647, proxyTargetClass=false), @org.spri=gframework.boot.test.autjacoconfigure.core.AutjacoconfigureCache(cacheProvider=3DNONE)]], org.springframework.boot.test.context.filter.ExcludeFilterConte=tCustomizer@42fbed68, org.springframework.boot.test.json.DuplicateJsonObje=tContextCustomizerFactory$DuplicateJsonObjectContextCustomizer@351f4c57, o=g.springframework.boot.test.mock.mockito.MockitjacocontextCustomizer@0, org.s=ringframework.boot.test.autjacoconfigure.OverrideAutjacoconfigurationContextCust=mizerFactory$DisableAutjacoconfigurationContextCustomizer@17c2edee, org.sprin=framework.boot.test.autjacoconfigure.filter.TypeExcludeFiltersContextCustomiz=r@351584c0, org.springframework.boot.test.autjacoconfigure.properties.Propert=MappingContextCustomizer@65fac36b, org.springframework.boot.test.autjacoconfi=ure.web.servlet.WebDriverContextCustomizerFactory$Customizer@67787a37], co=textLoader = 'org.springframework.boot.test.context.SpringBootContextLoa=er', parent = [null]], attributes = map[[empty]]]; transaction manager=[org.springframework.orm.jpa.JpaTransactionManager@4a23039b]; rollback [fa=se]
Hibernate: select project0_.project_id as project_1_1_0_, project0_.end_dat= as end_date2_1_0_, project0_.priority as priority3_1_0_, project0_.projec= as project4_1_0_, project0_.start_date as start_da5_1_0_, project0_.user_=ser_id as user_use6_1_0_ from project project0_ where project0_.project_id=3D?
Hibernate: call next value for hibernate_sequence
Hibernate: insert into project (end_date, priority, project, start_date, us=r_user_id, project_id) values (?, ?, ?, ?, ?, ?)
2019-12-19 18:11:54.208  INFO 351068 --- [           main] o.s.t.c.transact=on.TransactionContext   : Committed transaction for test: [DefaultTestCont=xt@414d06a testClass = ProjectDaoTest, testInstance = com.fsd.backend.=epository.ProjectDaoTest@6720095a, testMethod = testfindProjectById@Proj=ctDaoTest, testException = [null], mergedContextConfiguration = [Merge=ContextConfiguration@64cf8420 testClass = ProjectDaoTest, locations = ={}', classes = '{class com.fsd.backend.BackendApplication}', contextInit=alizerClasses = '[]', activeProfiles = '{}', propertySourceLocations =3D '{}', propertySourceProperties = '{org.springframework.boot.test.auto=onfigure.orm.jpa.DataJpaTestContextBootstrapper=true}', contextCustomize=s = set[[ImportsContextCustomizer@ee1f254 key = [@org.springframework.=oot.test.autjacoconfigure.orm.jpa.AutjacoconfigureDataJpa(), @org.springframewor=.boot.test.autjacoconfigure.orm.jpa.AutjacoconfigureTestEntityManager(), @org.sp=ingframework.boot.test.autjacoconfigure.properties.PropertyMapping(value=sp=ing.test.database, skip=NO), @org.junit.runner.RunWith(value=class org=springframework.test.context.junit4.SpringRunner), @org.springframework.co=text.annotation.Import(value=[class org.springframework.transaction.anno=ation.TransactionManagementConfigurationSelector]), @org.springframework.b=ot.test.autjacoconfigure.orm.jpa.DataJpaTest(excludeAutjacoconfiguration=[], s=owSql=true, useDefaultFilters=true, excludeFilters=[], includeFilter==[], properties=[]), @org.springframework.boot.test.autjacoconfigure.jdbc=AutjacoconfigureTestDatabase(replace=ANY, connection=NONE), @org.springfr=mework.context.annotation.Import(value=[class org.springframework.boot.a=tjacoconfigure.ImportAutjacoconfigurationImportSelector]), @org.springframework.=ransaction.annotation.Transactional(propagation=REQUIRED, rollbackForCla=sName=[], readOnly=false, isolation=DEFAULT, transactionManager=, =oRollbackFor=[], noRollbackForClassName=[], value=, timeout=-1, ro=lbackFor=[]), @org.springframework.boot.autjacoconfigure.ImportAutjacoconfigur=tion(value=[], exclude=[], classes=[]), @org.springframework.test.co=text.BootstrapWith(value=class org.springframework.boot.test.autjacoconfigu=e.orm.jpa.DataJpaTestContextBootstrapper), @org.springframework.boot.test.=utjacoconfigure.filter.TypeExcludeFilters(value=[class org.springframework.=oot.test.autjacoconfigure.orm.jpa.DataJpaTypeExcludeFilter]), @org.springfram=work.boot.test.autjacoconfigure.OverrideAutjacoconfiguration(enabled=false), @=rg.springframework.transaction.annotation.EnableTransactionManagement(mode=3DPROXY, order=2147483647, proxyTargetClass=false), @org.springframewo=k.boot.test.autjacoconfigure.core.AutjacoconfigureCache(cacheProvider=NONE)]],=org.springframework.boot.test.context.filter.ExcludeFilterContextCustomize=@42fbed68, org.springframework.boot.test.json.DuplicateJsonObjectContextCu=tomizerFactory$DuplicateJsonObjectContextCustomizer@351f4c57, org.springfr=mework.boot.test.mock.mockito.MockitjacocontextCustomizer@0, org.springframew=rk.boot.test.autjacoconfigure.OverrideAutjacoconfigurationContextCustomizerFacto=y$DisableAutjacoconfigurationContextCustomizer@17c2edee, org.springframework.=oot.test.autjacoconfigure.filter.TypeExcludeFiltersContextCustomizer@351584c0= org.springframework.boot.test.autjacoconfigure.properties.PropertyMappingCon=extCustomizer@65fac36b, org.springframework.boot.test.autjacoconfigure.web.se=vlet.WebDriverContextCustomizerFactory$Customizer@67787a37], contextLoader== 'org.springframework.boot.test.context.SpringBootContextLoader', paren= = [null]], attributes = map[[empty]]]
[INFO] Tests run: 3, Failures: 0, Errors: 0, Skipped: 0, Time elapsed: 0.16= s - in com.fsd.backend.Repository.ProjectDaoTest
[INFO] Running com.fsd.backend.Repository.UserDaoTest
2019-12-19 18:11:54.214  INFO 351068 --- [           main] b.t.a.o.j.DataJp=TestContextBootstrapper : Neither @ContextConfiguration nor @ContextHierar=hy found for test class [com.fsd.backend.Repository.UserDaoTest], using Sp=ingBootContextLoader
2019-12-19 18:11:54.215  INFO 351068 --- [           main] o.s.t.c.support.=bstractContextLoader    : Could not detect default resource locations for =est class [com.fsd.backend.Repository.UserDaoTest]: no resource found for =uffixes {-context.xml, Context.groovy}.
2019-12-19 18:11:54.215  INFO 351068 --- [           main] t.c.s.Annotation=onfigContextLoaderUtils : Could not detect default configuration classes f=r test class [com.fsd.backend.Repository.UserDaoTest]: UserDaoTest does no= declare any static, non-private, non-final, nested classes annotated with=@Configuration.
2019-12-19 18:11:54.221  INFO 351068 --- [           main] .b.t.c.SpringBoo=TestContextBootstrapper : Found @SpringBootConfiguration com.fsd.backend.B=ckendApplication for test class com.fsd.backend.Repository.UserDaoTest
2019-12-19 18:11:54.221  INFO 351068 --- [           main] b.t.a.o.j.DataJp=TestContextBootstrapper : Loaded default TestExecutionListener class names=from location [META-INF/spring.factories]: [org.springframework.boot.test.=ock.mockito.MockitoTestExecutionListener, org.springframework.boot.test.mo=k.mockito.ResetMocksTestExecutionListener, org.springframework.boot.test.a=tjacoconfigure.restdocs.RestDocsTestExecutionListener, org.springframework.bo=t.test.autjacoconfigure.web.client.MockRestServiceServerResetTestExecutionLis=ener, org.springframework.boot.test.autjacoconfigure.web.servlet.MockMvcPrint=nlyOnFailureTestExecutionListener, org.springframework.boot.test.autjacoconfi=ure.web.servlet.WebDriverTestExecutionListener, org.springframework.test.c=ntext.web.ServletTestExecutionListener, org.springframework.test.context.s=pport.DirtiesContextBeforeModesTestExecutionListener, org.springframework.=est.context.support.DependencyInjectionTestExecutionListener, org.springfr=mework.test.context.support.DirtiesContextTestExecutionListener, org.sprin=framework.test.context.transaction.TransactionalTestExecutionListener, org=springframework.test.context.jdbc.SqlScriptsTestExecutionListener]
2019-12-19 18:11:54.222  INFO 351068 --- [           main] b.t.a.o.j.DataJp=TestContextBootstrapper : Using TestExecutionListeners: [org.springframewo=k.test.context.web.ServletTestExecutionListener@74753599, org.springframew=rk.test.context.support.DirtiesContextBeforeModesTestExecutionListener@3ed=520e, org.springframework.boot.test.mock.mockito.MockitoTestExecutionListe=er@bece698, org.springframework.boot.test.autjacoconfigure.SpringBootDependen=yInjectionTestExecutionListener@28988c10, org.springframework.test.context=support.DirtiesContextTestExecutionListener@759cad67, org.springframework.=est.context.transaction.TransactionalTestExecutionListener@193adbf8, org.s=ringframework.test.context.jdbc.SqlScriptsTestExecutionListener@758e2661, =rg.springframework.boot.test.mock.mockito.ResetMocksTestExecutionListener@=99adccc, org.springframework.boot.test.autjacoconfigure.restdocs.RestDocsTest=xecutionListener@97dad0d, org.springframework.boot.test.autjacoconfigure.web.=lient.MockRestServiceServerResetTestExecutionListener@465742c1, org.spring=ramework.boot.test.autjacoconfigure.web.servlet.MockMvcPrintOnlyOnFailureTest=xecutionListener@42eed944, org.springframework.boot.test.autjacoconfigure.web=servlet.WebDriverTestExecutionListener@ddd1169]
2019-12-19 18:11:54.228  INFO 351068 --- [           main] o.s.t.c.transact=on.TransactionContext   : Began transaction (1) for test context [DefaultT=stContext@44b212ab testClass = UserDaoTest, testInstance = com.fsd.bac=end.Repository.UserDaoTest@4b11a637, testMethod = testAddUser@UserDaoTes=, testException = [null], mergedContextConfiguration = [MergedContextC=nfiguration@502e6d17 testClass = UserDaoTest, locations = '{}', classe= = '{class com.fsd.backend.BackendApplication}', contextInitializerClass=s = '[]', activeProfiles = '{}', propertySourceLocations = '{}', pro=ertySourceProperties = '{org.springframework.boot.test.autjacoconfigure.orm=jpa.DataJpaTestContextBootstrapper=true}', contextCustomizers = set[[I=portsContextCustomizer@79cbfa78 key = [@org.springframework.boot.test.au=jacoconfigure.orm.jpa.AutjacoconfigureDataJpa(), @org.springframework.boot.test.=utjacoconfigure.orm.jpa.AutjacoconfigureTestEntityManager(), @org.springframewor=.boot.test.autjacoconfigure.properties.PropertyMapping(value=spring.test.da=abase, skip=NO), @org.junit.runner.RunWith(value=class org.springframe=ork.test.context.junit4.SpringRunner), @org.springframework.context.annota=ion.Import(value=[class org.springframework.transaction.annotation.Trans=ctionManagementConfigurationSelector]), @org.springframework.boot.test.aut=configure.orm.jpa.DataJpaTest(excludeAutjacoconfiguration=[], showSql=tru=, useDefaultFilters=true, excludeFilters=[], includeFilters=[], prop=rties=[]), @org.springframework.boot.test.autjacoconfigure.jdbc.Autjacoconfigu=eTestDatabase(replace=ANY, connection=NONE), @org.springframework.cont=xt.annotation.Import(value=[class org.springframework.boot.autjacoconfigure=ImportAutjacoconfigurationImportSelector]), @org.springframework.transaction.=nnotation.Transactional(propagation=REQUIRED, rollbackForClassName=[],=readOnly=false, isolation=DEFAULT, transactionManager=, noRollbackFo==[], noRollbackForClassName=[], value=, timeout=-1, rollbackFor==]), @org.springframework.boot.autjacoconfigure.ImportAutjacoconfiguration(value=3D[], exclude=[], classes=[]), @org.springframework.test.context.Boots=rapWith(value=class org.springframework.boot.test.autjacoconfigure.orm.jpa.=ataJpaTestContextBootstrapper), @org.springframework.boot.test.autjacoconfigu=e.filter.TypeExcludeFilters(value=[class org.springframework.boot.test.a=tjacoconfigure.orm.jpa.DataJpaTypeExcludeFilter]), @org.springframework.boot.=est.autjacoconfigure.OverrideAutjacoconfiguration(enabled=false), @org.springf=amework.transaction.annotation.EnableTransactionManagement(mode=PROXY, o=der=2147483647, proxyTargetClass=false), @org.springframework.boot.tes=.autjacoconfigure.core.AutjacoconfigureCache(cacheProvider=NONE)]], org.spring=ramework.boot.test.context.filter.ExcludeFilterContextCustomizer@42fbed68,=org.springframework.boot.test.json.DuplicateJsonObjectContextCustomizerFac=ory$DuplicateJsonObjectContextCustomizer@351f4c57, org.springframework.boo=.test.mock.mockito.MockitjacocontextCustomizer@0, org.springframework.boot.te=t.autjacoconfigure.OverrideAutjacoconfigurationContextCustomizerFactory$DisableA=tjacoconfigurationContextCustomizer@17c2edee, org.springframework.boot.test.a=tjacoconfigure.filter.TypeExcludeFiltersContextCustomizer@351584c0, org.sprin=framework.boot.test.autjacoconfigure.properties.PropertyMappingContextCustomi=er@65fac36b, org.springframework.boot.test.autjacoconfigure.web.servlet.WebDr=verContextCustomizerFactory$Customizer@67787a37], contextLoader = 'org.s=ringframework.boot.test.context.SpringBootContextLoader', parent = [null=], attributes = map[[empty]]]; transaction manager [org.springframework.=rm.jpa.JpaTransactionManager@4a23039b]; rollback [false]
Hibernate: call next value for hibernate_sequence
Hibernate: insert into user (employee_id, first_name, last_name, user_id) v=lues (?, ?, ?, ?)
2019-12-19 18:11:54.260  INFO 351068 --- [           main] o.s.t.c.transact=on.TransactionContext   : Committed transaction for test: [DefaultTestCont=xt@44b212ab testClass = UserDaoTest, testInstance = com.fsd.backend.Re=ository.UserDaoTest@4b11a637, testMethod = testAddUser@UserDaoTest, test=xception = [null], mergedContextConfiguration = [MergedContextConfigur=tion@502e6d17 testClass = UserDaoTest, locations = '{}', classes = '=class com.fsd.backend.BackendApplication}', contextInitializerClasses = =[]', activeProfiles = '{}', propertySourceLocations = '{}', propertySo=rceProperties = '{org.springframework.boot.test.autjacoconfigure.orm.jpa.Da=aJpaTestContextBootstrapper=true}', contextCustomizers = set[[ImportsC=ntextCustomizer@79cbfa78 key = [@org.springframework.boot.test.autjacoconfi=ure.orm.jpa.AutjacoconfigureDataJpa(), @org.springframework.boot.test.autjacocon=igure.orm.jpa.AutjacoconfigureTestEntityManager(), @org.springframework.boot.=est.autjacoconfigure.properties.PropertyMapping(value=spring.test.database,=skip=NO), @org.junit.runner.RunWith(value=class org.springframework.te=t.context.junit4.SpringRunner), @org.springframework.context.annotation.Im=ort(value=[class org.springframework.transaction.annotation.TransactionM=nagementConfigurationSelector]), @org.springframework.boot.test.autjacoconfig=re.orm.jpa.DataJpaTest(excludeAutjacoconfiguration=[], showSql=true, useD=faultFilters=true, excludeFilters=[], includeFilters=[], properties=3D[]), @org.springframework.boot.test.autjacoconfigure.jdbc.AutjacoconfigureTest=atabase(replace=ANY, connection=NONE), @org.springframework.context.an=otation.Import(value=[class org.springframework.boot.autjacoconfigure.Impor=AutjacoconfigurationImportSelector]), @org.springframework.transaction.annota=ion.Transactional(propagation=REQUIRED, rollbackForClassName=[], readO=ly=false, isolation=DEFAULT, transactionManager=, noRollbackFor=[]= noRollbackForClassName=[], value=, timeout=-1, rollbackFor=[]), @=rg.springframework.boot.autjacoconfigure.ImportAutjacoconfiguration(value=[], =xclude=[], classes=[]), @org.springframework.test.context.BootstrapWit=(value=class org.springframework.boot.test.autjacoconfigure.orm.jpa.DataJpa=estContextBootstrapper), @org.springframework.boot.test.autjacoconfigure.filt=r.TypeExcludeFilters(value=[class org.springframework.boot.test.autjacoconf=gure.orm.jpa.DataJpaTypeExcludeFilter]), @org.springframework.boot.test.au=jacoconfigure.OverrideAutjacoconfiguration(enabled=false), @org.springframewor=.transaction.annotation.EnableTransactionManagement(mode=PROXY, order==147483647, proxyTargetClass=false), @org.springframework.boot.test.autoc=nfigure.core.AutjacoconfigureCache(cacheProvider=NONE)]], org.springframewo=k.boot.test.context.filter.ExcludeFilterContextCustomizer@42fbed68, org.sp=ingframework.boot.test.json.DuplicateJsonObjectContextCustomizerFactory$Du=licateJsonObjectContextCustomizer@351f4c57, org.springframework.boot.test.=ock.mockito.MockitjacocontextCustomizer@0, org.springframework.boot.test.auto=onfigure.OverrideAutjacoconfigurationContextCustomizerFactory$DisableAutjacoconf=gurationContextCustomizer@17c2edee, org.springframework.boot.test.autjacoconf=gure.filter.TypeExcludeFiltersContextCustomizer@351584c0, org.springframew=rk.boot.test.autjacoconfigure.properties.PropertyMappingContextCustomizer@65f=c36b, org.springframework.boot.test.autjacoconfigure.web.servlet.WebDriverCon=extCustomizerFactory$Customizer@67787a37], contextLoader = 'org.springfr=mework.boot.test.context.SpringBootContextLoader', parent = [null]], att=ibutes = map[[empty]]]
2019-12-19 18:11:54.264  INFO 351068 --- [           main] o.s.t.c.transact=on.TransactionContext   : Began transaction (1) for test context [DefaultT=stContext@44b212ab testClass = UserDaoTest, testInstance = com.fsd.bac=end.Repository.UserDaoTest@321d0c3b, testMethod = testUpdateUser@UserDao=est, testException = [null], mergedContextConfiguration = [MergedConte=tConfiguration@502e6d17 testClass = UserDaoTest, locations = '{}', cla=ses = '{class com.fsd.backend.BackendApplication}', contextInitializerCl=sses = '[]', activeProfiles = '{}', propertySourceLocations = '{}', =ropertySourceProperties = '{org.springframework.boot.test.autjacoconfigure.=rm.jpa.DataJpaTestContextBootstrapper=true}', contextCustomizers = set=[ImportsContextCustomizer@79cbfa78 key = [@org.springframework.boot.test=autjacoconfigure.orm.jpa.AutjacoconfigureDataJpa(), @org.springframework.boot.te=t.autjacoconfigure.orm.jpa.AutjacoconfigureTestEntityManager(), @org.springframe=ork.boot.test.autjacoconfigure.properties.PropertyMapping(value=spring.test=database, skip=NO), @org.junit.runner.RunWith(value=class org.springfr=mework.test.context.junit4.SpringRunner), @org.springframework.context.ann=tation.Import(value=[class org.springframework.transaction.annotation.Tr=nsactionManagementConfigurationSelector]), @org.springframework.boot.test.=utjacoconfigure.orm.jpa.DataJpaTest(excludeAutjacoconfiguration=[], showSql==rue, useDefaultFilters=true, excludeFilters=[], includeFilters=[], p=operties=[]), @org.springframework.boot.test.autjacoconfigure.jdbc.Autjacoconf=gureTestDatabase(replace=ANY, connection=NONE), @org.springframework.c=ntext.annotation.Import(value=[class org.springframework.boot.autjacoconfig=re.ImportAutjacoconfigurationImportSelector]), @org.springframework.transacti=n.annotation.Transactional(propagation=REQUIRED, rollbackForClassName==], readOnly=false, isolation=DEFAULT, transactionManager=, noRollbac=For=[], noRollbackForClassName=[], value=, timeout=-1, rollbackFor=3D[]), @org.springframework.boot.autjacoconfigure.ImportAutjacoconfiguration(val=e=[], exclude=[], classes=[]), @org.springframework.test.context.Boo=strapWith(value=class org.springframework.boot.test.autjacoconfigure.orm.jp=.DataJpaTestContextBootstrapper), @org.springframework.boot.test.autjacoconfi=ure.filter.TypeExcludeFilters(value=[class org.springframework.boot.test=autjacoconfigure.orm.jpa.DataJpaTypeExcludeFilter]), @org.springframework.boo=.test.autjacoconfigure.OverrideAutjacoconfiguration(enabled=false), @org.sprin=framework.transaction.annotation.EnableTransactionManagement(mode=PROXY,=order=2147483647, proxyTargetClass=false), @org.springframework.boot.t=st.autjacoconfigure.core.AutjacoconfigureCache(cacheProvider=NONE)]], org.spri=gframework.boot.test.context.filter.ExcludeFilterContextCustomizer@42fbed6=, org.springframework.boot.test.json.DuplicateJsonObjectContextCustomizerF=ctory$DuplicateJsonObjectContextCustomizer@351f4c57, org.springframework.b=ot.test.mock.mockito.MockitjacocontextCustomizer@0, org.springframework.boot.=est.autjacoconfigure.OverrideAutjacoconfigurationContextCustomizerFactory$Disabl=AutjacoconfigurationContextCustomizer@17c2edee, org.springframework.boot.test=autjacoconfigure.filter.TypeExcludeFiltersContextCustomizer@351584c0, org.spr=ngframework.boot.test.autjacoconfigure.properties.PropertyMappingContextCusto=izer@65fac36b, org.springframework.boot.test.autjacoconfigure.web.servlet.Web=riverContextCustomizerFactory$Customizer@67787a37], contextLoader = 'org=springframework.boot.test.context.SpringBootContextLoader', parent = [nu=l]], attributes = map[[empty]]]; transaction manager [org.springframewor=.orm.jpa.JpaTransactionManager@4a23039b]; rollback [false]
Hibernate: call next value for hibernate_sequence
Hibernate: insert into user (employee_id, first_name, last_name, user_id) v=lues (?, ?, ?, ?)
2019-12-19 18:11:54.280  INFO 351068 --- [           main] o.s.t.c.transact=on.TransactionContext   : Committed transaction for test: [DefaultTestCont=xt@44b212ab testClass = UserDaoTest, testInstance = com.fsd.backend.Re=ository.UserDaoTest@321d0c3b, testMethod = testUpdateUser@UserDaoTest, t=stException = [null], mergedContextConfiguration = [MergedContextConfi=uration@502e6d17 testClass = UserDaoTest, locations = '{}', classes =3D '{class com.fsd.backend.BackendApplication}', contextInitializerClasses== '[]', activeProfiles = '{}', propertySourceLocations = '{}', prope=tySourceProperties = '{org.springframework.boot.test.autjacoconfigure.orm.j=a.DataJpaTestContextBootstrapper=true}', contextCustomizers = set[[Imp=rtsContextCustomizer@79cbfa78 key = [@org.springframework.boot.test.auto=onfigure.orm.jpa.AutjacoconfigureDataJpa(), @org.springframework.boot.test.au=jacoconfigure.orm.jpa.AutjacoconfigureTestEntityManager(), @org.springframework.=oot.test.autjacoconfigure.properties.PropertyMapping(value=spring.test.data=ase, skip=NO), @org.junit.runner.RunWith(value=class org.springframewo=k.test.context.junit4.SpringRunner), @org.springframework.context.annotati=n.Import(value=[class org.springframework.transaction.annotation.Transac=ionManagementConfigurationSelector]), @org.springframework.boot.test.autoc=nfigure.orm.jpa.DataJpaTest(excludeAutjacoconfiguration=[], showSql=true,=useDefaultFilters=true, excludeFilters=[], includeFilters=[], proper=ies=[]), @org.springframework.boot.test.autjacoconfigure.jdbc.Autjacoconfigure=estDatabase(replace=ANY, connection=NONE), @org.springframework.contex=.annotation.Import(value=[class org.springframework.boot.autjacoconfigure.I=portAutjacoconfigurationImportSelector]), @org.springframework.transaction.an=otation.Transactional(propagation=REQUIRED, rollbackForClassName=[], r=adOnly=false, isolation=DEFAULT, transactionManager=, noRollbackFor=3D[], noRollbackForClassName=[], value=, timeout=-1, rollbackFor=[=), @org.springframework.boot.autjacoconfigure.ImportAutjacoconfiguration(value=3D[], exclude=[], classes=[]), @org.springframework.test.context.Boots=rapWith(value=class org.springframework.boot.test.autjacoconfigure.orm.jpa.=ataJpaTestContextBootstrapper), @org.springframework.boot.test.autjacoconfigu=e.filter.TypeExcludeFilters(value=[class org.springframework.boot.test.a=tjacoconfigure.orm.jpa.DataJpaTypeExcludeFilter]), @org.springframework.boot.=est.autjacoconfigure.OverrideAutjacoconfiguration(enabled=false), @org.springf=amework.transaction.annotation.EnableTransactionManagement(mode=PROXY, o=der=2147483647, proxyTargetClass=false), @org.springframework.boot.tes=.autjacoconfigure.core.AutjacoconfigureCache(cacheProvider=NONE)]], org.spring=ramework.boot.test.context.filter.ExcludeFilterContextCustomizer@42fbed68,=org.springframework.boot.test.json.DuplicateJsonObjectContextCustomizerFac=ory$DuplicateJsonObjectContextCustomizer@351f4c57, org.springframework.boo=.test.mock.mockito.MockitjacocontextCustomizer@0, org.springframework.boot.te=t.autjacoconfigure.OverrideAutjacoconfigurationContextCustomizerFactory$DisableA=tjacoconfigurationContextCustomizer@17c2edee, org.springframework.boot.test.a=tjacoconfigure.filter.TypeExcludeFiltersContextCustomizer@351584c0, org.sprin=framework.boot.test.autjacoconfigure.properties.PropertyMappingContextCustomi=er@65fac36b, org.springframework.boot.test.autjacoconfigure.web.servlet.WebDr=verContextCustomizerFactory$Customizer@67787a37], contextLoader = 'org.s=ringframework.boot.test.context.SpringBootContextLoader', parent = [null=], attributes = map[[empty]]]
2019-12-19 18:11:54.280  INFO 351068 --- [           main] o.s.t.c.transact=on.TransactionContext   : Began transaction (1) for test context [DefaultT=stContext@44b212ab testClass = UserDaoTest, testInstance = com.fsd.bac=end.Repository.UserDaoTest@37a884a8, testMethod = testfindUserById@UserD=oTest, testException = [null], mergedContextConfiguration = [MergedCon=extConfiguration@502e6d17 testClass = UserDaoTest, locations = '{}', c=asses = '{class com.fsd.backend.BackendApplication}', contextInitializer=lasses = '[]', activeProfiles = '{}', propertySourceLocations = '{}'= propertySourceProperties = '{org.springframework.boot.test.autjacoconfigur=.orm.jpa.DataJpaTestContextBootstrapper=true}', contextCustomizers = s=t[[ImportsContextCustomizer@79cbfa78 key = [@org.springframework.boot.te=t.autjacoconfigure.orm.jpa.AutjacoconfigureDataJpa(), @org.springframework.boot.=est.autjacoconfigure.orm.jpa.AutjacoconfigureTestEntityManager(), @org.springfra=ework.boot.test.autjacoconfigure.properties.PropertyMapping(value=spring.te=t.database, skip=NO), @org.junit.runner.RunWith(value=class org.spring=ramework.test.context.junit4.SpringRunner), @org.springframework.context.a=notation.Import(value=[class org.springframework.transaction.annotation.=ransactionManagementConfigurationSelector]), @org.springframework.boot.tes=.autjacoconfigure.orm.jpa.DataJpaTest(excludeAutjacoconfiguration=[], showSql=3Dtrue, useDefaultFilters=true, excludeFilters=[], includeFilters=[]= properties=[]), @org.springframework.boot.test.autjacoconfigure.jdbc.AutoC=nfigureTestDatabase(replace=ANY, connection=NONE), @org.springframewor=.context.annotation.Import(value=[class org.springframework.boot.autjacocon=igure.ImportAutjacoconfigurationImportSelector]), @org.springframework.transa=tion.annotation.Transactional(propagation=REQUIRED, rollbackForClassName=3D[], readOnly=false, isolation=DEFAULT, transactionManager=, noRoll=ackFor=[], noRollbackForClassName=[], value=, timeout=-1, rollback=or=[]), @org.springframework.boot.autjacoconfigure.ImportAutjacoconfiguration(=alue=[], exclude=[], classes=[]), @org.springframework.test.context.=ootstrapWith(value=class org.springframework.boot.test.autjacoconfigure.orm=jpa.DataJpaTestContextBootstrapper), @org.springframework.boot.test.autjacoco=figure.filter.TypeExcludeFilters(value=[class org.springframework.boot.t=st.autjacoconfigure.orm.jpa.DataJpaTypeExcludeFilter]), @org.springframework.=oot.test.autjacoconfigure.OverrideAutjacoconfiguration(enabled=false), @org.sp=ingframework.transaction.annotation.EnableTransactionManagement(mode=PRO=Y, order=2147483647, proxyTargetClass=false), @org.springframework.boo=.test.autjacoconfigure.core.AutjacoconfigureCache(cacheProvider=NONE)]], org.s=ringframework.boot.test.context.filter.ExcludeFilterContextCustomizer@42fb=d68, org.springframework.boot.test.json.DuplicateJsonObjectContextCustomiz=rFactory$DuplicateJsonObjectContextCustomizer@351f4c57, org.springframewor=.boot.test.mock.mockito.MockitjacocontextCustomizer@0, org.springframework.bo=t.test.autjacoconfigure.OverrideAutjacoconfigurationContextCustomizerFactory$Dis=bleAutjacoconfigurationContextCustomizer@17c2edee, org.springframework.boot.t=st.autjacoconfigure.filter.TypeExcludeFiltersContextCustomizer@351584c0, org.=pringframework.boot.test.autjacoconfigure.properties.PropertyMappingContextCu=tomizer@65fac36b, org.springframework.boot.test.autjacoconfigure.web.servlet.=ebDriverContextCustomizerFactory$Customizer@67787a37], contextLoader = '=rg.springframework.boot.test.context.SpringBootContextLoader', parent = =null]], attributes = map[[empty]]]; transaction manager [org.springframe=ork.orm.jpa.JpaTransactionManager@4a23039b]; rollback [true]
Hibernate: call next value for hibernate_sequence
2019-12-19 18:11:54.311  INFO 351068 --- [           main] o.s.t.c.transact=on.TransactionContext   : Rolled back transaction for test: [DefaultTestCo=text@44b212ab testClass = UserDaoTest, testInstance = com.fsd.backend.=epository.UserDaoTest@37a884a8, testMethod = testfindUserById@UserDaoTes=, testException = [null], mergedContextConfiguration = [MergedContextC=nfiguration@502e6d17 testClass = UserDaoTest, locations = '{}', classe= = '{class com.fsd.backend.BackendApplication}', contextInitializerClass=s = '[]', activeProfiles = '{}', propertySourceLocations = '{}', pro=ertySourceProperties = '{org.springframework.boot.test.autjacoconfigure.orm=jpa.DataJpaTestContextBootstrapper=true}', contextCustomizers = set[[I=portsContextCustomizer@79cbfa78 key = [@org.springframework.boot.test.au=jacoconfigure.orm.jpa.AutjacoconfigureDataJpa(), @org.springframework.boot.test.=utjacoconfigure.orm.jpa.AutjacoconfigureTestEntityManager(), @org.springframewor=.boot.test.autjacoconfigure.properties.PropertyMapping(value=spring.test.da=abase, skip=NO), @org.junit.runner.RunWith(value=class org.springframe=ork.test.context.junit4.SpringRunner), @org.springframework.context.annota=ion.Import(value=[class org.springframework.transaction.annotation.Trans=ctionManagementConfigurationSelector]), @org.springframework.boot.test.aut=configure.orm.jpa.DataJpaTest(excludeAutjacoconfiguration=[], showSql=tru=, useDefaultFilters=true, excludeFilters=[], includeFilters=[], prop=rties=[]), @org.springframework.boot.test.autjacoconfigure.jdbc.Autjacoconfigu=eTestDatabase(replace=ANY, connection=NONE), @org.springframework.cont=xt.annotation.Import(value=[class org.springframework.boot.autjacoconfigure=ImportAutjacoconfigurationImportSelector]), @org.springframework.transaction.=nnotation.Transactional(propagation=REQUIRED, rollbackForClassName=[],=readOnly=false, isolation=DEFAULT, transactionManager=, noRollbackFo==[], noRollbackForClassName=[], value=, timeout=-1, rollbackFor==]), @org.springframework.boot.autjacoconfigure.ImportAutjacoconfiguration(value=3D[], exclude=[], classes=[]), @org.springframework.test.context.Boots=rapWith(value=class org.springframework.boot.test.autjacoconfigure.orm.jpa.=ataJpaTestContextBootstrapper), @org.springframework.boot.test.autjacoconfigu=e.filter.TypeExcludeFilters(value=[class org.springframework.boot.test.a=tjacoconfigure.orm.jpa.DataJpaTypeExcludeFilter]), @org.springframework.boot.=est.autjacoconfigure.OverrideAutjacoconfiguration(enabled=false), @org.springf=amework.transaction.annotation.EnableTransactionManagement(mode=PROXY, o=der=2147483647, proxyTargetClass=false), @org.springframework.boot.tes=.autjacoconfigure.core.AutjacoconfigureCache(cacheProvider=NONE)]], org.spring=ramework.boot.test.context.filter.ExcludeFilterContextCustomizer@42fbed68,=org.springframework.boot.test.json.DuplicateJsonObjectContextCustomizerFac=ory$DuplicateJsonObjectContextCustomizer@351f4c57, org.springframework.boo=.test.mock.mockito.MockitjacocontextCustomizer@0, org.springframework.boot.te=t.autjacoconfigure.OverrideAutjacoconfigurationContextCustomizerFactory$DisableA=tjacoconfigurationContextCustomizer@17c2edee, org.springframework.boot.test.a=tjacoconfigure.filter.TypeExcludeFiltersContextCustomizer@351584c0, org.sprin=framework.boot.test.autjacoconfigure.properties.PropertyMappingContextCustomi=er@65fac36b, org.springframework.boot.test.autjacoconfigure.web.servlet.WebDr=verContextCustomizerFactory$Customizer@67787a37], contextLoader = 'org.s=ringframework.boot.test.context.SpringBootContextLoader', parent = [null=], attributes = map[[empty]]]
[INFO] Tests run: 3, Failures: 0, Errors: 0, Skipped: 0, Time elapsed: 0 s = in com.fsd.backend.Repository.UserDaoTest
[INFO] Running com.fsd.backend.Service.ParentServiceTest
2019-12-19 18:11:54.311  INFO 351068 --- [           main] .b.t.c.SpringBoo=TestContextBootstrapper : Neither @ContextConfiguration nor @ContextHierar=hy found for test class [com.fsd.backend.Service.ParentServiceTest], using=SpringBootContextLoader
2019-12-19 18:11:54.311  INFO 351068 --- [           main] o.s.t.c.support.=bstractContextLoader    : Could not detect default resource locations for =est class [com.fsd.backend.Service.ParentServiceTest]: no resource found f=r suffixes {-context.xml, Context.groovy}.
2019-12-19 18:11:54.311  INFO 351068 --- [           main] t.c.s.Annotation=onfigContextLoaderUtils : Could not detect default configuration classes f=r test class [com.fsd.backend.Service.ParentServiceTest]: ParentServiceTes= does not declare any static, non-private, non-final, nested classes annot=ted with @Configuration.
2019-12-19 18:11:54.327  INFO 351068 --- [           main] .b.t.c.SpringBoo=TestContextBootstrapper : Found @SpringBootConfiguration com.fsd.backend.B=ckendApplication for test class com.fsd.backend.Service.ParentServiceTest
2019-12-19 18:11:54.327  INFO 351068 --- [           main] .b.t.c.SpringBoo=TestContextBootstrapper : Loaded default TestExecutionListener class names=from location [META-INF/spring.factories]: [org.springframework.boot.test.=ock.mockito.MockitoTestExecutionListener, org.springframework.boot.test.mo=k.mockito.ResetMocksTestExecutionListener, org.springframework.boot.test.a=tjacoconfigure.restdocs.RestDocsTestExecutionListener, org.springframework.bo=t.test.autjacoconfigure.web.client.MockRestServiceServerResetTestExecutionLis=ener, org.springframework.boot.test.autjacoconfigure.web.servlet.MockMvcPrint=nlyOnFailureTestExecutionListener, org.springframework.boot.test.autjacoconfi=ure.web.servlet.WebDriverTestExecutionListener, org.springframework.test.c=ntext.web.ServletTestExecutionListener, org.springframework.test.context.s=pport.DirtiesContextBeforeModesTestExecutionListener, org.springframework.=est.context.support.DependencyInjectionTestExecutionListener, org.springfr=mework.test.context.support.DirtiesContextTestExecutionListener, org.sprin=framework.test.context.transaction.TransactionalTestExecutionListener, org=springframework.test.context.jdbc.SqlScriptsTestExecutionListener]
2019-12-19 18:11:54.342  INFO 351068 --- [           main] .b.t.c.SpringBoo=TestContextBootstrapper : Using TestExecutionListeners: [org.springframewo=k.test.context.web.ServletTestExecutionListener@1056931b, org.springframew=rk.test.context.support.DirtiesContextBeforeModesTestExecutionListener@450=5eeb, org.springframework.boot.test.mock.mockito.MockitoTestExecutionListe=er@189e1f, org.springframework.boot.test.autjacoconfigure.SpringBootDependenc=InjectionTestExecutionListener@62ef62af, org.springframework.test.context.=upport.DirtiesContextTestExecutionListener@4685eba2, org.springframework.t=st.context.transaction.TransactionalTestExecutionListener@390a059f, org.sp=ingframework.test.context.jdbc.SqlScriptsTestExecutionListener@7d269cc7, o=g.springframework.boot.test.mock.mockito.ResetMocksTestExecutionListener@6=c573d6, org.springframework.boot.test.autjacoconfigure.restdocs.RestDocsTestE=ecutionListener@df45c17, org.springframework.boot.test.autjacoconfigure.web.c=ient.MockRestServiceServerResetTestExecutionListener@643b96cb, org.springf=amework.boot.test.autjacoconfigure.web.servlet.MockMvcPrintOnlyOnFailureTestE=ecutionListener@2db2fe2f, org.springframework.boot.test.autjacoconfigure.web.=ervlet.WebDriverTestExecutionListener@62a6638c]

  .   ____          _            __ _ _
 /\\ / ___'_ __ _ _(_)_ __  __ _ \ \ \ \
( ( )\___ | '_ | '_| | '_ \/ _` | \ \ \ \
 \\/  ___)| |_)| | | | | || (_| |  ) ) ) )
  '  |____| .__|_| |_|_| |_\__, | / / / /
 =========|_|==============|_=_/=/_/_/_/
 :: Spring Boot ::        (v2.1.4.RELEASE)

2019-12-19 18:11:54.375  INFO 351068 --- [           main] c.fsd.backend.Se=vice.ParentServiceTest  : Starting ParentServiceTest on Javafs with PID 35=068 (started by Admin in C:\Users\Admin\.jenkins\workspace\Project-Manager=backend)
2019-12-19 18:11:54.375  INFO 351068 --- [           main] c.fsd.backend.Se=vice.ParentServiceTest  : No active profile set, falling back to default p=ofiles: default
2019-12-19 18:11:54.705  INFO 351068 --- [           main] .s.d.r.c.Reposit=ryConfigurationDelegate : Bootstrapping Spring Data repositories in DEFAUL= mode.
2019-12-19 18:11:54.730  INFO 351068 --- [           main] .s.d.r.c.Reposit=ryConfigurationDelegate : Finished Spring Data repository scanning in 25ms= Found 4 repository interfaces.
2019-12-19 18:11:55.080  INFO 351068 --- [           main] trationDelegate$=eanPostProcessorChecker : Bean 'org.springframework.transaction.annotation=ProxyTransactionManagementConfiguration' of type [org.springframework.tran=action.annotation.ProxyTransactionManagementConfiguration$$EnhancerBySprin=CGLIB$$6edee4d5] is not eligible for getting processed by all BeanPostProc=ssors (for example: not eligible for auto-proxying)
2019-12-19 18:11:55.220  INFO 351068 --- [           main] com.zaxxer.hikar=.HikariDataSource       : HikariPool-2 - Starting...
2019-12-19 18:11:55.349  INFO 351068 --- [           main] com.zaxxer.hikar=.HikariDataSource       : HikariPool-2 - Start completed.
2019-12-19 18:11:55.383  INFO 351068 --- [           main] o.hibernate.jpa.=nternal.util.LogHelper  : HHH000204: Processing PersistenceUnitInfo [
	name: default
	...]
2019-12-19 18:11:55.401  INFO 351068 --- [           main] org.hibernate.di=lect.Dialect            : HHH000400: Using dialect: org.hibernate.dialect.=2Dialect
2019-12-19 18:11:55.648  INFO 351068 --- [           main] o.h.t.schema.int=rnal.SchemaCreatorImpl  : HHH000476: Executing import script 'org.hibernat=.tool.schema.internal.exec.ScriptSourceInputNonExistentImpl@1b32ac30'
2019-12-19 18:11:55.649  INFO 351068 --- [           main] j.LocalContainer=ntityManagerFactoryBean : Initialized JPA EntityManagerFactory for persist=nce unit 'default'
2019-12-19 18:11:56.399  INFO 351068 --- [           main] o.s.s.concurrent=ThreadPoolTaskExecutor  : Initializing ExecutorService 'applicationTaskExe=utor'
2019-12-19 18:11:56.419  WARN 351068 --- [           main] aWebConfiguratio=$JpaWebMvcConfiguration : spring.jpa.open-in-view is enabled by default. T=erefore, database queries may be performed during view rendering. Explicit=y configure spring.jpa.open-in-view to disable this warning
2019-12-19 18:11:57.138  INFO 351068 --- [           main] c.fsd.backend.Se=vice.ParentServiceTest  : Started ParentServiceTest in 2.796 seconds (JVM =unning for 35.876)
[INFO] Tests run: 2, Failures: 0, Errors: 0, Skipped: 0, Time elapsed: 2.88= s - in com.fsd.backend.Service.ParentServiceTest
[INFO] Running com.fsd.backend.Service.ProjectServiceTest
2019-12-19 18:11:57.190  INFO 351068 --- [           main] .b.t.c.SpringBoo=TestContextBootstrapper : Neither @ContextConfiguration nor @ContextHierar=hy found for test class [com.fsd.backend.Service.ProjectServiceTest], usin= SpringBootContextLoader
2019-12-19 18:11:57.191  INFO 351068 --- [           main] o.s.t.c.support.=bstractContextLoader    : Could not detect default resource locations for =est class [com.fsd.backend.Service.ProjectServiceTest]: no resource found =or suffixes {-context.xml, Context.groovy}.
2019-12-19 18:11:57.191  INFO 351068 --- [           main] t.c.s.Annotation=onfigContextLoaderUtils : Could not detect default configuration classes f=r test class [com.fsd.backend.Service.ProjectServiceTest]: ProjectServiceT=st does not declare any static, non-private, non-final, nested classes ann=tated with @Configuration.
2019-12-19 18:11:57.193  INFO 351068 --- [           main] .b.t.c.SpringBoo=TestContextBootstrapper : Found @SpringBootConfiguration com.fsd.backend.B=ckendApplication for test class com.fsd.backend.Service.ProjectServiceTest
2019-12-19 18:11:57.195  INFO 351068 --- [           main] .b.t.c.SpringBoo=TestContextBootstrapper : Loaded default TestExecutionListener class names=from location [META-INF/spring.factories]: [org.springframework.boot.test.=ock.mockito.MockitoTestExecutionListener, org.springframework.boot.test.mo=k.mockito.ResetMocksTestExecutionListener, org.springframework.boot.test.a=tjacoconfigure.restdocs.RestDocsTestExecutionListener, org.springframework.bo=t.test.autjacoconfigure.web.client.MockRestServiceServerResetTestExecutionLis=ener, org.springframework.boot.test.autjacoconfigure.web.servlet.MockMvcPrint=nlyOnFailureTestExecutionListener, org.springframework.boot.test.autjacoconfi=ure.web.servlet.WebDriverTestExecutionListener, org.springframework.test.c=ntext.web.ServletTestExecutionListener, org.springframework.test.context.s=pport.DirtiesContextBeforeModesTestExecutionListener, org.springframework.=est.context.support.DependencyInjectionTestExecutionListener, org.springfr=mework.test.context.support.DirtiesContextTestExecutionListener, org.sprin=framework.test.context.transaction.TransactionalTestExecutionListener, org=springframework.test.context.jdbc.SqlScriptsTestExecutionListener]
2019-12-19 18:11:57.196  INFO 351068 --- [           main] .b.t.c.SpringBoo=TestContextBootstrapper : Using TestExecutionListeners: [org.springframewo=k.test.context.web.ServletTestExecutionListener@1e375bde, org.springframew=rk.test.context.support.DirtiesContextBeforeModesTestExecutionListener@6a3=cc53, org.springframework.boot.test.mock.mockito.MockitoTestExecutionListe=er@5602fab1, org.springframework.boot.test.autjacoconfigure.SpringBootDepende=cyInjectionTestExecutionListener@65841b3a, org.springframework.test.contex=.support.DirtiesContextTestExecutionListener@414955ff, org.springframework=test.context.transaction.TransactionalTestExecutionListener@75a450d1, org.=pringframework.test.context.jdbc.SqlScriptsTestExecutionListener@34b2eba6,=org.springframework.boot.test.mock.mockito.ResetMocksTestExecutionListener=71aa7bc1, org.springframework.boot.test.autjacoconfigure.restdocs.RestDocsTes=ExecutionListener@7a473ea6, org.springframework.boot.test.autjacoconfigure.we=.client.MockRestServiceServerResetTestExecutionListener@2db2cbe7, org.spri=gframework.boot.test.autjacoconfigure.web.servlet.MockMvcPrintOnlyOnFailureTe=tExecutionListener@efeea2c, org.springframework.boot.test.autjacoconfigure.we=.servlet.WebDriverTestExecutionListener@2ca8ec41]

  .   ____          _            __ _ _
 /\\ / ___'_ __ _ _(_)_ __  __ _ \ \ \ \
( ( )\___ | '_ | '_| | '_ \/ _` | \ \ \ \
 \\/  ___)| |_)| | | | | || (_| |  ) ) ) )
  '  |____| .__|_| |_|_| |_\__, | / / / /
 =========|_|==============|_=_/=/_/_/_/
 :: Spring Boot ::        (v2.1.4.RELEASE)

2019-12-19 18:11:57.524  INFO 351068 --- [           main] c.f.backend.Serv=ce.ProjectServiceTest   : Starting ProjectServiceTest on Javafs with PID 3=1068 (started by Admin in C:\Users\Admin\.jenkins\workspace\Project-Manage=\backend)
2019-12-19 18:11:57.525  INFO 351068 --- [           main] c.f.backend.Serv=ce.ProjectServiceTest   : No active profile set, falling back to default p=ofiles: default
2019-12-19 18:11:58.616  INFO 351068 --- [           main] .s.d.r.c.Reposit=ryConfigurationDelegate : Bootstrapping Spring Data repositories in DEFAUL= mode.
2019-12-19 18:11:58.640  INFO 351068 --- [           main] .s.d.r.c.Reposit=ryConfigurationDelegate : Finished Spring Data repository scanning in 24ms= Found 4 repository interfaces.
2019-12-19 18:11:58.793  INFO 351068 --- [           main] trationDelegate$=eanPostProcessorChecker : Bean 'org.springframework.transaction.annotation=ProxyTransactionManagementConfiguration' of type [org.springframework.tran=action.annotation.ProxyTransactionManagementConfiguration$$EnhancerBySprin=CGLIB$$6edee4d5] is not eligible for getting processed by all BeanPostProc=ssors (for example: not eligible for auto-proxying)
2019-12-19 18:11:58.902  INFO 351068 --- [           main] com.zaxxer.hikar=.HikariDataSource       : HikariPool-3 - Starting...
2019-12-19 18:11:58.904  INFO 351068 --- [           main] com.zaxxer.hikar=.HikariDataSource       : HikariPool-3 - Start completed.
2019-12-19 18:11:58.943  INFO 351068 --- [           main] o.hibernate.jpa.=nternal.util.LogHelper  : HHH000204: Processing PersistenceUnitInfo [
	name: default
	...]
2019-12-19 18:11:58.958  INFO 351068 --- [           main] org.hibernate.di=lect.Dialect            : HHH000400: Using dialect: org.hibernate.dialect.=2Dialect
2019-12-19 18:11:59.113  INFO 351068 --- [           main] o.h.t.schema.int=rnal.SchemaCreatorImpl  : HHH000476: Executing import script 'org.hibernat=.tool.schema.internal.exec.ScriptSourceInputNonExistentImpl@1b32ac30'
2019-12-19 18:11:59.114  INFO 351068 --- [           main] j.LocalContainer=ntityManagerFactoryBean : Initialized JPA EntityManagerFactory for persist=nce unit 'default'
2019-12-19 18:11:59.805  INFO 351068 --- [           main] o.s.s.concurrent=ThreadPoolTaskExecutor  : Initializing ExecutorService 'applicationTaskExe=utor'
2019-12-19 18:11:59.828  WARN 351068 --- [           main] aWebConfiguratio=$JpaWebMvcConfiguration : spring.jpa.open-in-view is enabled by default. T=erefore, database queries may be performed during view rendering. Explicit=y configure spring.jpa.open-in-view to disable this warning
2019-12-19 18:12:00.216  INFO 351068 --- [           main] c.f.backend.Serv=ce.ProjectServiceTest   : Started ProjectServiceTest in 2.99 seconds (JVM =unning for 38.953)
[INFO] Tests run: 6, Failures: 0, Errors: 0, Skipped: 0, Time elapsed: 3.18= s - in com.fsd.backend.Service.ProjectServiceTest
[INFO] Running com.fsd.backend.Service.TaskServiceTest
2019-12-19 18:12:00.392  INFO 351068 --- [           main] .b.t.c.SpringBoo=TestContextBootstrapper : Neither @ContextConfiguration nor @ContextHierar=hy found for test class [com.fsd.backend.Service.TaskServiceTest], using S=ringBootContextLoader
2019-12-19 18:12:00.393  INFO 351068 --- [           main] o.s.t.c.support.=bstractContextLoader    : Could not detect default resource locations for =est class [com.fsd.backend.Service.TaskServiceTest]: no resource found for=suffixes {-context.xml, Context.groovy}.
2019-12-19 18:12:00.394  INFO 351068 --- [           main] t.c.s.Annotation=onfigContextLoaderUtils : Could not detect default configuration classes f=r test class [com.fsd.backend.Service.TaskServiceTest]: TaskServiceTest do=s not declare any static, non-private, non-final, nested classes annotated=with @Configuration.
2019-12-19 18:12:00.395  INFO 351068 --- [           main] .b.t.c.SpringBoo=TestContextBootstrapper : Found @SpringBootConfiguration com.fsd.backend.B=ckendApplication for test class com.fsd.backend.Service.TaskServiceTest
2019-12-19 18:12:00.398  INFO 351068 --- [           main] .b.t.c.SpringBoo=TestContextBootstrapper : Loaded default TestExecutionListener class names=from location [META-INF/spring.factories]: [org.springframework.boot.test.=ock.mockito.MockitoTestExecutionListener, org.springframework.boot.test.mo=k.mockito.ResetMocksTestExecutionListener, org.springframework.boot.test.a=tjacoconfigure.restdocs.RestDocsTestExecutionListener, org.springframework.bo=t.test.autjacoconfigure.web.client.MockRestServiceServerResetTestExecutionLis=ener, org.springframework.boot.test.autjacoconfigure.web.servlet.MockMvcPrint=nlyOnFailureTestExecutionListener, org.springframework.boot.test.autjacoconfi=ure.web.servlet.WebDriverTestExecutionListener, org.springframework.test.c=ntext.web.ServletTestExecutionListener, org.springframework.test.context.s=pport.DirtiesContextBeforeModesTestExecutionListener, org.springframework.=est.context.support.DependencyInjectionTestExecutionListener, org.springfr=mework.test.context.support.DirtiesContextTestExecutionListener, org.sprin=framework.test.context.transaction.TransactionalTestExecutionListener, org=springframework.test.context.jdbc.SqlScriptsTestExecutionListener]
2019-12-19 18:12:00.399  INFO 351068 --- [           main] .b.t.c.SpringBoo=TestContextBootstrapper : Using TestExecutionListeners: [org.springframewo=k.test.context.web.ServletTestExecutionListener@18790a09, org.springframew=rk.test.context.support.DirtiesContextBeforeModesTestExecutionListener@2cf=2b98, org.springframework.boot.test.mock.mockito.MockitoTestExecutionListe=er@6b97dc5, org.springframework.boot.test.autjacoconfigure.SpringBootDependen=yInjectionTestExecutionListener@483f6b74, org.springframework.test.context=support.DirtiesContextTestExecutionListener@18460938, org.springframework.=est.context.transaction.TransactionalTestExecutionListener@4db04243, org.s=ringframework.test.context.jdbc.SqlScriptsTestExecutionListener@2a4965, or=.springframework.boot.test.mock.mockito.ResetMocksTestExecutionListener@33=df6df, org.springframework.boot.test.autjacoconfigure.restdocs.RestDocsTestEx=cutionListener@1bda3651, org.springframework.boot.test.autjacoconfigure.web.c=ient.MockRestServiceServerResetTestExecutionListener@54b7cd33, org.springf=amework.boot.test.autjacoconfigure.web.servlet.MockMvcPrintOnlyOnFailureTestE=ecutionListener@604d7a1, org.springframework.boot.test.autjacoconfigure.web.s=rvlet.WebDriverTestExecutionListener@5a9392b0]

  .   ____          _            __ _ _
 /\\ / ___'_ __ _ _(_)_ __  __ _ \ \ \ \
( ( )\___ | '_ | '_| | '_ \/ _` | \ \ \ \
 \\/  ___)| |_)| | | | | || (_| |  ) ) ) )
  '  |____| .__|_| |_|_| |_\__, | / / / /
 =========|_|==============|_=_/=/_/_/_/
 :: Spring Boot ::        (v2.1.4.RELEASE)

2019-12-19 18:12:00.431  INFO 351068 --- [           main] com.fsd.backend.=ervice.TaskServiceTest  : Starting TaskServiceTest on Javafs with PID 3510=8 (started by Admin in C:\Users\Admin\.jenkins\workspace\Project-Manager\b=ckend)
2019-12-19 18:12:00.431  INFO 351068 --- [           main] com.fsd.backend.=ervice.TaskServiceTest  : No active profile set, falling back to default p=ofiles: default
2019-12-19 18:12:00.721  INFO 351068 --- [           main] .s.d.r.c.Reposit=ryConfigurationDelegate : Bootstrapping Spring Data repositories in DEFAUL= mode.
2019-12-19 18:12:00.742  INFO 351068 --- [           main] .s.d.r.c.Reposit=ryConfigurationDelegate : Finished Spring Data repository scanning in 21ms= Found 4 repository interfaces.
2019-12-19 18:12:00.882  INFO 351068 --- [           main] trationDelegate$=eanPostProcessorChecker : Bean 'org.springframework.transaction.annotation=ProxyTransactionManagementConfiguration' of type [org.springframework.tran=action.annotation.ProxyTransactionManagementConfiguration$$EnhancerBySprin=CGLIB$$6edee4d5] is not eligible for getting processed by all BeanPostProc=ssors (for example: not eligible for auto-proxying)
2019-12-19 18:12:00.982  INFO 351068 --- [           main] com.zaxxer.hikar=.HikariDataSource       : HikariPool-4 - Starting...
2019-12-19 18:12:00.984  INFO 351068 --- [           main] com.zaxxer.hikar=.HikariDataSource       : HikariPool-4 - Start completed.
2019-12-19 18:12:01.015  INFO 351068 --- [           main] o.hibernate.jpa.=nternal.util.LogHelper  : HHH000204: Processing PersistenceUnitInfo [
	name: default
	...]
2019-12-19 18:12:01.031  INFO 351068 --- [           main] org.hibernate.di=lect.Dialect            : HHH000400: Using dialect: org.hibernate.dialect.=2Dialect
2019-12-19 18:12:01.332  INFO 351068 --- [           main] o.h.t.schema.int=rnal.SchemaCreatorImpl  : HHH000476: Executing import script 'org.hibernat=.tool.schema.internal.exec.ScriptSourceInputNonExistentImpl@1b32ac30'
2019-12-19 18:12:01.333  INFO 351068 --- [           main] j.LocalContainer=ntityManagerFactoryBean : Initialized JPA EntityManagerFactory for persist=nce unit 'default'
2019-12-19 18:12:02.938  INFO 351068 --- [           main] o.s.s.concurrent=ThreadPoolTaskExecutor  : Initializing ExecutorService 'applicationTaskExe=utor'
2019-12-19 18:12:02.954  WARN 351068 --- [           main] aWebConfiguratio=$JpaWebMvcConfiguration : spring.jpa.open-in-view is enabled by default. T=erefore, database queries may be performed during view rendering. Explicit=y configure spring.jpa.open-in-view to disable this warning
2019-12-19 18:12:03.777  INFO 351068 --- [           main] com.fsd.backend.=ervice.TaskServiceTest  : Started TaskServiceTest in 3.369 seconds (JVM ru=ning for 42.515)
[INFO] Tests run: 6, Failures: 0, Errors: 0, Skipped: 0, Time elapsed: 3.47= s - in com.fsd.backend.Service.TaskServiceTest
[INFO] Running com.fsd.backend.Service.UserServiceTest
2019-12-19 18:12:03.888  INFO 351068 --- [           main] .b.t.c.SpringBoo=TestContextBootstrapper : Neither @ContextConfiguration nor @ContextHierar=hy found for test class [com.fsd.backend.Service.UserServiceTest], using S=ringBootContextLoader
2019-12-19 18:12:03.889  INFO 351068 --- [           main] o.s.t.c.support.=bstractContextLoader    : Could not detect default resource locations for =est class [com.fsd.backend.Service.UserServiceTest]: no resource found for=suffixes {-context.xml, Context.groovy}.
2019-12-19 18:12:03.890  INFO 351068 --- [           main] t.c.s.Annotation=onfigContextLoaderUtils : Could not detect default configuration classes f=r test class [com.fsd.backend.Service.UserServiceTest]: UserServiceTest do=s not declare any static, non-private, non-final, nested classes annotated=with @Configuration.
2019-12-19 18:12:03.893  INFO 351068 --- [           main] .b.t.c.SpringBoo=TestContextBootstrapper : Found @SpringBootConfiguration com.fsd.backend.B=ckendApplication for test class com.fsd.backend.Service.UserServiceTest
2019-12-19 18:12:03.895  INFO 351068 --- [           main] .b.t.c.SpringBoo=TestContextBootstrapper : Loaded default TestExecutionListener class names=from location [META-INF/spring.factories]: [org.springframework.boot.test.=ock.mockito.MockitoTestExecutionListener, org.springframework.boot.test.mo=k.mockito.ResetMocksTestExecutionListener, org.springframework.boot.test.a=tjacoconfigure.restdocs.RestDocsTestExecutionListener, org.springframework.bo=t.test.autjacoconfigure.web.client.MockRestServiceServerResetTestExecutionLis=ener, org.springframework.boot.test.autjacoconfigure.web.servlet.MockMvcPrint=nlyOnFailureTestExecutionListener, org.springframework.boot.test.autjacoconfi=ure.web.servlet.WebDriverTestExecutionListener, org.springframework.test.c=ntext.web.ServletTestExecutionListener, org.springframework.test.context.s=pport.DirtiesContextBeforeModesTestExecutionListener, org.springframework.=est.context.support.DependencyInjectionTestExecutionListener, org.springfr=mework.test.context.support.DirtiesContextTestExecutionListener, org.sprin=framework.test.context.transaction.TransactionalTestExecutionListener, org=springframework.test.context.jdbc.SqlScriptsTestExecutionListener]
2019-12-19 18:12:03.895  INFO 351068 --- [           main] .b.t.c.SpringBoo=TestContextBootstrapper : Using TestExecutionListeners: [org.springframewo=k.test.context.web.ServletTestExecutionListener@eb1c1d0, org.springframewo=k.test.context.support.DirtiesContextBeforeModesTestExecutionListener@5b8b=8b9, org.springframework.boot.test.mock.mockito.MockitoTestExecutionListen=r@182dfe93, org.springframework.boot.test.autjacoconfigure.SpringBootDependen=yInjectionTestExecutionListener@33bcb6be, org.springframework.test.context=support.DirtiesContextTestExecutionListener@33035e58, org.springframework.=est.context.transaction.TransactionalTestExecutionListener@344a56d1, org.s=ringframework.test.context.jdbc.SqlScriptsTestExecutionListener@43e4ffad, =rg.springframework.boot.test.mock.mockito.ResetMocksTestExecutionListener@=5bba829, org.springframework.boot.test.autjacoconfigure.restdocs.RestDocsTest=xecutionListener@3ce3d558, org.springframework.boot.test.autjacoconfigure.web=client.MockRestServiceServerResetTestExecutionListener@5af9f0cb, org.sprin=framework.boot.test.autjacoconfigure.web.servlet.MockMvcPrintOnlyOnFailureTes=ExecutionListener@3e0465ae, org.springframework.boot.test.autjacoconfigure.we=.servlet.WebDriverTestExecutionListener@76b678a7]

  .   ____          _            __ _ _
 /\\ / ___'_ __ _ _(_)_ __  __ _ \ \ \ \
( ( )\___ | '_ | '_| | '_ \/ _` | \ \ \ \
 \\/  ___)| |_)| | | | | || (_| |  ) ) ) )
  '  |____| .__|_| |_|_| |_\__, | / / / /
 =========|_|==============|_=_/=/_/_/_/
 :: Spring Boot ::        (v2.1.4.RELEASE)

2019-12-19 18:12:03.932  INFO 351068 --- [           main] com.fsd.backend.=ervice.UserServiceTest  : Starting UserServiceTest on Javafs with PID 3510=8 (started by Admin in C:\Users\Admin\.jenkins\workspace\Project-Manager\b=ckend)
2019-12-19 18:12:03.932  INFO 351068 --- [           main] com.fsd.backend.=ervice.UserServiceTest  : No active profile set, falling back to default p=ofiles: default
2019-12-19 18:12:04.296  INFO 351068 --- [           main] .s.d.r.c.Reposit=ryConfigurationDelegate : Bootstrapping Spring Data repositories in DEFAUL= mode.
2019-12-19 18:12:04.322  INFO 351068 --- [           main] .s.d.r.c.Reposit=ryConfigurationDelegate : Finished Spring Data repository scanning in 26ms= Found 4 repository interfaces.
2019-12-19 18:12:04.477  INFO 351068 --- [           main] trationDelegate$=eanPostProcessorChecker : Bean 'org.springframework.transaction.annotation=ProxyTransactionManagementConfiguration' of type [org.springframework.tran=action.annotation.ProxyTransactionManagementConfiguration$$EnhancerBySprin=CGLIB$$6edee4d5] is not eligible for getting processed by all BeanPostProc=ssors (for example: not eligible for auto-proxying)
2019-12-19 18:12:04.596  INFO 351068 --- [           main] com.zaxxer.hikar=.HikariDataSource       : HikariPool-5 - Starting...
2019-12-19 18:12:04.598  INFO 351068 --- [           main] com.zaxxer.hikar=.HikariDataSource       : HikariPool-5 - Start completed.
2019-12-19 18:12:04.628  INFO 351068 --- [           main] o.hibernate.jpa.=nternal.util.LogHelper  : HHH000204: Processing PersistenceUnitInfo [
	name: default
	...]
2019-12-19 18:12:04.641  INFO 351068 --- [           main] org.hibernate.di=lect.Dialect            : HHH000400: Using dialect: org.hibernate.dialect.=2Dialect
2019-12-19 18:12:04.978  INFO 351068 --- [           main] o.h.t.schema.int=rnal.SchemaCreatorImpl  : HHH000476: Executing import script 'org.hibernat=.tool.schema.internal.exec.ScriptSourceInputNonExistentImpl@1b32ac30'
2019-12-19 18:12:04.979  INFO 351068 --- [           main] j.LocalContainer=ntityManagerFactoryBean : Initialized JPA EntityManagerFactory for persist=nce unit 'default'
2019-12-19 18:12:05.544  INFO 351068 --- [           main] o.s.s.concurrent=ThreadPoolTaskExecutor  : Initializing ExecutorService 'applicationTaskExe=utor'
2019-12-19 18:12:05.593  WARN 351068 --- [           main] aWebConfiguratio=$JpaWebMvcConfiguration : spring.jpa.open-in-view is enabled by default. T=erefore, database queries may be performed during view rendering. Explicit=y configure spring.jpa.open-in-view to disable this warning
2019-12-19 18:12:06.123  INFO 351068 --- [           main] com.fsd.backend.=ervice.UserServiceTest  : Started UserServiceTest in 2.221 seconds (JVM ru=ning for 44.86)
[INFO] Tests run: 6, Failures: 0, Errors: 0, Skipped: 0, Time elapsed: 2.30= s - in com.fsd.backend.Service.UserServiceTest
2019-12-19 18:12:06.975  INFO 351068 --- [      Thread-10] o.s.s.concurrent=ThreadPoolTaskExecutor  : Shutting down ExecutorService 'applicationTaskEx=cutor'
2019-12-19 18:12:06.974  INFO 351068 --- [      Thread-18] o.s.s.concurrent=ThreadPoolTaskExecutor  : Shutting down ExecutorService 'applicationTaskEx=cutor'
2019-12-19 18:12:06.958  INFO 351068 --- [      Thread-12] o.s.s.concurrent=ThreadPoolTaskExecutor  : Shutting down ExecutorService 'applicationTaskEx=cutor'
2019-12-19 18:12:06.956  INFO 351068 --- [       Thread-6] o.s.s.concurrent=ThreadPoolTaskExecutor  : Shutting down ExecutorService 'applicationTaskEx=cutor'
2019-12-19 18:12:06.991  INFO 351068 --- [      Thread-18] j.LocalContainer=ntityManagerFactoryBean : Closing JPA EntityManagerFactory for persistence=unit 'default'
2019-12-19 18:12:06.992  INFO 351068 --- [      Thread-18] .SchemaDropperIm=l$DelayedDropActionImpl : HHH000477: Starting delayed evictData of schema =s part of SessionFactory shut-down'
2019-12-19 18:12:06.952  INFO 351068 --- [       Thread-8] o.s.s.concurrent=ThreadPoolTaskExecutor  : Shutting down ExecutorService 'applicationTaskEx=cutor'
2019-12-19 18:12:06.994  INFO 351068 --- [       Thread-4] o.s.s.concurrent=ThreadPoolTaskExecutor  : Shutting down ExecutorService 'applicationTaskEx=cutor'
2019-12-19 18:12:06.994  INFO 351068 --- [       Thread-4] j.LocalContainer=ntityManagerFactoryBean : Closing JPA EntityManagerFactory for persistence=unit 'default'
2019-12-19 18:12:06.995  INFO 351068 --- [       Thread-4] .SchemaDropperIm=l$DelayedDropActionImpl : HHH000477: Starting delayed evictData of schema =s part of SessionFactory shut-down'
2019-12-19 18:12:06.952  INFO 351068 --- [      Thread-16] o.s.s.concurrent=ThreadPoolTaskExecutor  : Shutting down ExecutorService 'applicationTaskEx=cutor'
2019-12-19 18:12:07.009  INFO 351068 --- [      Thread-16] j.LocalContainer=ntityManagerFactoryBean : Closing JPA EntityManagerFactory for persistence=unit 'default'
2019-12-19 18:12:07.009  INFO 351068 --- [      Thread-16] .SchemaDropperIm=l$DelayedDropActionImpl : HHH000477: Starting delayed evictData of schema =s part of SessionFactory shut-down'
2019-12-19 18:12:06.952  INFO 351068 --- [      Thread-20] o.s.s.concurrent=ThreadPoolTaskExecutor  : Shutting down ExecutorService 'applicationTaskEx=cutor'
2019-12-19 18:12:07.017  INFO 351068 --- [      Thread-20] j.LocalContainer=ntityManagerFactoryBean : Closing JPA EntityManagerFactory for persistence=unit 'default'
2019-12-19 18:12:07.020  INFO 351068 --- [      Thread-20] .SchemaDropperIm=l$DelayedDropActionImpl : HHH000477: Starting delayed evictData of schema =s part of SessionFactory shut-down'
2019-12-19 18:12:06.953  INFO 351068 --- [      Thread-22] o.s.s.concurrent=ThreadPoolTaskExecutor  : Shutting down ExecutorService 'applicationTaskEx=cutor'
2019-12-19 18:12:07.022  INFO 351068 --- [      Thread-22] j.LocalContainer=ntityManagerFactoryBean : Closing JPA EntityManagerFactory for persistence=unit 'default'
2019-12-19 18:12:06.953  INFO 351068 --- [      Thread-14] j.LocalContainer=ntityManagerFactoryBean : Closing JPA EntityManagerFactory for persistence=unit 'default'
2019-12-19 18:12:07.024  INFO 351068 --- [      Thread-14] .SchemaDropperIm=l$DelayedDropActionImpl : HHH000477: Starting delayed evictData of schema =s part of SessionFactory shut-down'
Hibernate: drop table parent_task if exists
2019-12-19 18:12:07.027  INFO 351068 --- [      Thread-22] .SchemaDropperIm=l$DelayedDropActionImpl : HHH000477: Starting delayed evictData of schema =s part of SessionFactory shut-down'
Hibernate: drop table project if exists
2019-12-19 18:12:07.067  INFO 351068 --- [      Thread-22] com.zaxxer.hikar=.HikariDataSource       : HikariPool-5 - Shutdown initiated...
Hibernate: drop table project_id if exists
Hibernate: drop table task if exists
Hibernate: drop table task_id if exists
Hibernate: drop table user if exists
Hibernate: drop sequence if exists hibernate_sequence
2019-12-19 18:12:07.067  INFO 351068 --- [      Thread-22] com.zaxxer.hikar=.HikariDataSource       : HikariPool-5 - Shutdown completed.
2019-12-19 18:12:07.130 ERROR 351068 --- [       Thread-4] .SchemaDropperIm=l$DelayedDropActionImpl : HHH000478: Unsuccessful: drop table parent_task =f exists
2019-12-19 18:12:07.139 ERROR 351068 --- [      Thread-18] .SchemaDropperIm=l$DelayedDropActionImpl : HHH000478: Unsuccessful: drop table project if e=ists
2019-12-19 18:12:07.140 ERROR 351068 --- [      Thread-16] .SchemaDropperIm=l$DelayedDropActionImpl : HHH000478: Unsuccessful: drop table parent_task =f exists
2019-12-19 18:12:07.140 ERROR 351068 --- [      Thread-20] .SchemaDropperIm=l$DelayedDropActionImpl : HHH000478: Unsuccessful: drop table project if e=ists
2019-12-19 18:12:07.160  INFO 351068 --- [       Thread-4] com.zaxxer.hikar=.HikariDataSource       : HikariPool-1 - Shutdown initiated...
2019-12-19 18:12:07.161  INFO 351068 --- [      Thread-18] com.zaxxer.hikar=.HikariDataSource       : HikariPool-3 - Shutdown initiated...
2019-12-19 18:12:07.169  INFO 351068 --- [      Thread-16] com.zaxxer.hikar=.HikariDataSource       : HikariPool-2 - Shutdown initiated...
2019-12-19 18:12:07.170  INFO 351068 --- [      Thread-20] com.zaxxer.hikar=.HikariDataSource       : HikariPool-4 - Shutdown initiated...
2019-12-19 18:12:07.188  INFO 351068 --- [      Thread-20] com.zaxxer.hikar=.HikariDataSource       : HikariPool-4 - Shutdown completed.
2019-12-19 18:12:07.188  INFO 351068 --- [      Thread-16] com.zaxxer.hikar=.HikariDataSource       : HikariPool-2 - Shutdown completed.
2019-12-19 18:12:07.188  INFO 351068 --- [      Thread-18] com.zaxxer.hikar=.HikariDataSource       : HikariPool-3 - Shutdown completed.
2019-12-19 18:12:07.188  INFO 351068 --- [       Thread-4] com.zaxxer.hikar=.HikariDataSource       : HikariPool-1 - Shutdown completed.
[INFO] 
[INFO] Results:
[INFO] 
[INFO] Tests run: 46, Failures: 0, Errors: 0, Skipped: 0
[INFO] 
[INFO] 
[INFO] --- maven-war-plugin:3.2.2:war (default-war) @ backend ---
[INFO] Packaging webapp
[INFO] Assembling webapp [backend] in [C:\Users\Admin\.jenkins\workspace\Pr=ject-Manager\backend\target\backend-0.0.1-SNAPSHOT]
[INFO] Processing war project
[INFO] Webapp assembled in [982 msecs]
[INFO] Building war: C:\Users\Admin\.jenkins\workspace\Project-Manager\back=nd\target\backend-0.0.1-SNAPSHOT.war
[INFO] 
[INFO] --- spring-boot-maven-plugin:2.1.4.RELEASE:repackage (repackage) @ b=ckend ---
[INFO] Replacing main artifact with repackaged archive
[INFO] 
[INFO] --- jacjacoco-maven-plugin:0.7.6.201602180812:report (jacjacoco-site) @ ba=kend ---
[INFO] Analyzed bundle 'backend' with 13 classes
[INFO] 
[INFO] --- maven-install-plugin:2.5.2:install (default-install) @ backend -=-
[INFO] Installing C:\Users\Admin\.jenkins\workspace\Project-Manager\backend=target\backend-0.0.1-SNAPSHOT.war to C:\Users\Admin\.m2\repository\com\fsd=backend\0.0.1-SNAPSHOT\backend-0.0.1-SNAPSHOT.war
[INFO] Installing C:\Users\Admin\.jenkins\workspace\Project-Manager\backend=pom.xml to C:\Users\Admin\.m2\repository\com\fsd\backend\0.0.1-SNAPSHOT\ba=kend-0.0.1-SNAPSHOT.pom
[INFO] --------------------------------------------------------------------=---
[INFO] BUILD SUCCESS
[INFO] --------------------------------------------------------------------=---
[INFO] Total time: 01:03 min
[INFO] Finished at: 2019-12-19T18:12:14+05:30
[INFO] Final Memory: 47M/462M
[INFO] --------------------------------------------------------------------=---
[Pipeline] }
[Pipeline] // stage
[Pipeline] stage
[Pipeline] { (Archive war)
[Pipeline] archiveArtifacts
Archiving artifacts
[Pipeline] }
[Pipeline] // stage
[Pipeline] stage
[Pipeline] { (Junit Result)
[Pipeline] step
Recording test results
[Pipeline] }
[Pipeline] // stage
[Pipeline] stage
[Pipeline] { (Email: Build Summary Report)
[Pipeline] emailext
Sending email to: rajeshpuli534@gmail.com
